2023-04-03T10:51:13.424+05:30  INFO 9508 --- [restartedMain] com.example.demo.DemoApplication         : Starting DemoApplication using Java 19.0.2 with PID 9508 (C:\Users\prash\eclipse-workspace\demo\target\classes started by prash in C:\Users\prash\eclipse-workspace\demo)
2023-04-03T10:51:13.454+05:30 DEBUG 9508 --- [restartedMain] com.example.demo.DemoApplication         : Running with Spring Boot v3.0.4, Spring v6.0.6
2023-04-03T10:51:13.458+05:30  INFO 9508 --- [restartedMain] com.example.demo.DemoApplication         : No active profile set, falling back to 1 default profile: "default"
2023-04-03T10:51:13.576+05:30  INFO 9508 --- [restartedMain] .e.DevToolsPropertyDefaultsPostProcessor : Devtools property defaults active! Set 'spring.devtools.add-properties' to 'false' to disable
2023-04-03T10:51:13.576+05:30  INFO 9508 --- [restartedMain] .e.DevToolsPropertyDefaultsPostProcessor : For additional web related logging consider setting the 'logging.level.web' property to 'DEBUG'
2023-04-03T10:51:15.053+05:30  INFO 9508 --- [restartedMain] .s.d.r.c.RepositoryConfigurationDelegate : Multiple Spring Data modules found, entering strict repository configuration mode
2023-04-03T10:51:15.056+05:30  INFO 9508 --- [restartedMain] .s.d.r.c.RepositoryConfigurationDelegate : Bootstrapping Spring Data JPA repositories in DEFAULT mode.
2023-04-03T10:51:15.277+05:30  INFO 9508 --- [restartedMain] .s.d.r.c.RepositoryConfigurationDelegate : Finished Spring Data repository scanning in 201 ms. Found 3 JPA repository interfaces.
2023-04-03T10:51:15.310+05:30  INFO 9508 --- [restartedMain] .s.d.r.c.RepositoryConfigurationDelegate : Multiple Spring Data modules found, entering strict repository configuration mode
2023-04-03T10:51:15.315+05:30  INFO 9508 --- [restartedMain] .s.d.r.c.RepositoryConfigurationDelegate : Bootstrapping Spring Data Redis repositories in DEFAULT mode.
2023-04-03T10:51:15.354+05:30  INFO 9508 --- [restartedMain] .RepositoryConfigurationExtensionSupport : Spring Data Redis - Could not safely identify store assignment for repository candidate interface com.example.demo.repo.CompanyRepo; If you want this repository to be a Redis repository, consider annotating your entities with one of these annotations: org.springframework.data.redis.core.RedisHash (preferred), or consider extending one of the following types with your repository: org.springframework.data.keyvalue.repository.KeyValueRepository
2023-04-03T10:51:15.355+05:30  INFO 9508 --- [restartedMain] .RepositoryConfigurationExtensionSupport : Spring Data Redis - Could not safely identify store assignment for repository candidate interface com.example.demo.repo.EmployeeRepo; If you want this repository to be a Redis repository, consider annotating your entities with one of these annotations: org.springframework.data.redis.core.RedisHash (preferred), or consider extending one of the following types with your repository: org.springframework.data.keyvalue.repository.KeyValueRepository
2023-04-03T10:51:15.355+05:30  INFO 9508 --- [restartedMain] .RepositoryConfigurationExtensionSupport : Spring Data Redis - Could not safely identify store assignment for repository candidate interface com.example.demo.repo.TeamRepo; If you want this repository to be a Redis repository, consider annotating your entities with one of these annotations: org.springframework.data.redis.core.RedisHash (preferred), or consider extending one of the following types with your repository: org.springframework.data.keyvalue.repository.KeyValueRepository
2023-04-03T10:51:15.355+05:30  INFO 9508 --- [restartedMain] .s.d.r.c.RepositoryConfigurationDelegate : Finished Spring Data repository scanning in 16 ms. Found 0 Redis repository interfaces.
2023-04-03T10:51:16.900+05:30  INFO 9508 --- [restartedMain] o.s.b.w.embedded.tomcat.TomcatWebServer  : Tomcat initialized with port(s): 8080 (http)
2023-04-03T10:51:16.930+05:30  INFO 9508 --- [restartedMain] o.apache.catalina.core.StandardService   : Starting service [Tomcat]
2023-04-03T10:51:16.931+05:30  INFO 9508 --- [restartedMain] o.apache.catalina.core.StandardEngine    : Starting Servlet engine: [Apache Tomcat/10.1.5]
2023-04-03T10:51:17.038+05:30  INFO 9508 --- [restartedMain] o.a.c.c.C.[Tomcat].[localhost].[/]       : Initializing Spring embedded WebApplicationContext
2023-04-03T10:51:17.039+05:30  INFO 9508 --- [restartedMain] w.s.c.ServletWebServerApplicationContext : Root WebApplicationContext: initialization completed in 3462 ms
2023-04-03T10:51:17.772+05:30  INFO 9508 --- [restartedMain] o.hibernate.jpa.internal.util.LogHelper  : HHH000204: Processing PersistenceUnitInfo [name: default]
2023-04-03T10:51:17.846+05:30  INFO 9508 --- [restartedMain] org.hibernate.Version                    : HHH000412: Hibernate ORM core version 6.1.7.Final
2023-04-03T10:51:18.260+05:30  INFO 9508 --- [restartedMain] com.zaxxer.hikari.HikariDataSource       : HikariPool-1 - Starting...
2023-04-03T10:51:18.782+05:30  INFO 9508 --- [restartedMain] com.zaxxer.hikari.pool.HikariPool        : HikariPool-1 - Added connection org.postgresql.jdbc.PgConnection@16536823
2023-04-03T10:51:18.786+05:30  INFO 9508 --- [restartedMain] com.zaxxer.hikari.HikariDataSource       : HikariPool-1 - Start completed.
2023-04-03T10:51:18.868+05:30  INFO 9508 --- [restartedMain] SQL dialect                              : HHH000400: Using dialect: org.hibernate.dialect.PostgreSQLDialect
2023-04-03T10:51:20.277+05:30  INFO 9508 --- [restartedMain] o.h.e.t.j.p.i.JtaPlatformInitiator       : HHH000490: Using JtaPlatform implementation: [org.hibernate.engine.transaction.jta.platform.internal.NoJtaPlatform]
2023-04-03T10:51:20.286+05:30  INFO 9508 --- [restartedMain] j.LocalContainerEntityManagerFactoryBean : Initialized JPA EntityManagerFactory for persistence unit 'default'
2023-04-03T10:51:21.404+05:30  WARN 9508 --- [restartedMain] JpaBaseConfiguration$JpaWebConfiguration : spring.jpa.open-in-view is enabled by default. Therefore, database queries may be performed during view rendering. Explicitly configure spring.jpa.open-in-view to disable this warning
2023-04-03T10:51:24.690+05:30  INFO 9508 --- [restartedMain] o.s.b.d.a.OptionalLiveReloadServer       : LiveReload server is running on port 35729
2023-04-03T10:51:24.745+05:30  WARN 9508 --- [restartedMain] ConfigServletWebServerApplicationContext : Exception encountered during context initialization - cancelling refresh attempt: org.springframework.context.ApplicationContextException: Failed to start bean 'webServerStartStop'
2023-04-03T10:51:24.753+05:30  INFO 9508 --- [restartedMain] j.LocalContainerEntityManagerFactoryBean : Closing JPA EntityManagerFactory for persistence unit 'default'
2023-04-03T10:51:24.812+05:30  INFO 9508 --- [restartedMain] com.zaxxer.hikari.HikariDataSource       : HikariPool-1 - Shutdown initiated...
2023-04-03T10:51:24.850+05:30  INFO 9508 --- [restartedMain] com.zaxxer.hikari.HikariDataSource       : HikariPool-1 - Shutdown completed.
2023-04-03T10:51:24.909+05:30  INFO 9508 --- [restartedMain] o.apache.catalina.core.StandardService   : Stopping service [Tomcat]
2023-04-03T10:51:24.963+05:30  INFO 9508 --- [restartedMain] .s.b.a.l.ConditionEvaluationReportLogger : 

Error starting ApplicationContext. To display the condition evaluation report re-run your application with 'debug' enabled.
2023-04-03T10:51:25.055+05:30 ERROR 9508 --- [restartedMain] o.s.b.d.LoggingFailureAnalysisReporter   : 

***************************
APPLICATION FAILED TO START
***************************

Description:

Web server failed to start. Port 8080 was already in use.

Action:

Identify and stop the process that's listening on port 8080 or configure this application to listen on another port.

2023-04-03T10:51:46.197+05:30  INFO 11320 --- [restartedMain] com.example.demo.DemoApplication         : Starting DemoApplication using Java 19.0.2 with PID 11320 (C:\Users\prash\eclipse-workspace\demo\target\classes started by prash in C:\Users\prash\eclipse-workspace\demo)
2023-04-03T10:51:46.197+05:30 DEBUG 11320 --- [restartedMain] com.example.demo.DemoApplication         : Running with Spring Boot v3.0.4, Spring v6.0.6
2023-04-03T10:51:46.197+05:30  INFO 11320 --- [restartedMain] com.example.demo.DemoApplication         : No active profile set, falling back to 1 default profile: "default"
2023-04-03T10:51:46.318+05:30  INFO 11320 --- [restartedMain] .e.DevToolsPropertyDefaultsPostProcessor : Devtools property defaults active! Set 'spring.devtools.add-properties' to 'false' to disable
2023-04-03T10:51:46.318+05:30  INFO 11320 --- [restartedMain] .e.DevToolsPropertyDefaultsPostProcessor : For additional web related logging consider setting the 'logging.level.web' property to 'DEBUG'
2023-04-03T10:51:47.325+05:30  INFO 11320 --- [restartedMain] .s.d.r.c.RepositoryConfigurationDelegate : Multiple Spring Data modules found, entering strict repository configuration mode
2023-04-03T10:51:47.327+05:30  INFO 11320 --- [restartedMain] .s.d.r.c.RepositoryConfigurationDelegate : Bootstrapping Spring Data JPA repositories in DEFAULT mode.
2023-04-03T10:51:47.504+05:30  INFO 11320 --- [restartedMain] .s.d.r.c.RepositoryConfigurationDelegate : Finished Spring Data repository scanning in 164 ms. Found 3 JPA repository interfaces.
2023-04-03T10:51:47.531+05:30  INFO 11320 --- [restartedMain] .s.d.r.c.RepositoryConfigurationDelegate : Multiple Spring Data modules found, entering strict repository configuration mode
2023-04-03T10:51:47.534+05:30  INFO 11320 --- [restartedMain] .s.d.r.c.RepositoryConfigurationDelegate : Bootstrapping Spring Data Redis repositories in DEFAULT mode.
2023-04-03T10:51:47.562+05:30  INFO 11320 --- [restartedMain] .RepositoryConfigurationExtensionSupport : Spring Data Redis - Could not safely identify store assignment for repository candidate interface com.example.demo.repo.CompanyRepo; If you want this repository to be a Redis repository, consider annotating your entities with one of these annotations: org.springframework.data.redis.core.RedisHash (preferred), or consider extending one of the following types with your repository: org.springframework.data.keyvalue.repository.KeyValueRepository
2023-04-03T10:51:47.562+05:30  INFO 11320 --- [restartedMain] .RepositoryConfigurationExtensionSupport : Spring Data Redis - Could not safely identify store assignment for repository candidate interface com.example.demo.repo.EmployeeRepo; If you want this repository to be a Redis repository, consider annotating your entities with one of these annotations: org.springframework.data.redis.core.RedisHash (preferred), or consider extending one of the following types with your repository: org.springframework.data.keyvalue.repository.KeyValueRepository
2023-04-03T10:51:47.563+05:30  INFO 11320 --- [restartedMain] .RepositoryConfigurationExtensionSupport : Spring Data Redis - Could not safely identify store assignment for repository candidate interface com.example.demo.repo.TeamRepo; If you want this repository to be a Redis repository, consider annotating your entities with one of these annotations: org.springframework.data.redis.core.RedisHash (preferred), or consider extending one of the following types with your repository: org.springframework.data.keyvalue.repository.KeyValueRepository
2023-04-03T10:51:47.563+05:30  INFO 11320 --- [restartedMain] .s.d.r.c.RepositoryConfigurationDelegate : Finished Spring Data repository scanning in 13 ms. Found 0 Redis repository interfaces.
2023-04-03T10:51:48.941+05:30  INFO 11320 --- [restartedMain] o.s.b.w.embedded.tomcat.TomcatWebServer  : Tomcat initialized with port(s): 8080 (http)
2023-04-03T10:51:48.961+05:30  INFO 11320 --- [restartedMain] o.apache.catalina.core.StandardService   : Starting service [Tomcat]
2023-04-03T10:51:48.962+05:30  INFO 11320 --- [restartedMain] o.apache.catalina.core.StandardEngine    : Starting Servlet engine: [Apache Tomcat/10.1.5]
2023-04-03T10:51:49.060+05:30  INFO 11320 --- [restartedMain] o.a.c.c.C.[Tomcat].[localhost].[/]       : Initializing Spring embedded WebApplicationContext
2023-04-03T10:51:49.060+05:30  INFO 11320 --- [restartedMain] w.s.c.ServletWebServerApplicationContext : Root WebApplicationContext: initialization completed in 2742 ms
2023-04-03T10:51:49.706+05:30  INFO 11320 --- [restartedMain] o.hibernate.jpa.internal.util.LogHelper  : HHH000204: Processing PersistenceUnitInfo [name: default]
2023-04-03T10:51:49.861+05:30  INFO 11320 --- [restartedMain] org.hibernate.Version                    : HHH000412: Hibernate ORM core version 6.1.7.Final
2023-04-03T10:51:50.232+05:30  INFO 11320 --- [restartedMain] com.zaxxer.hikari.HikariDataSource       : HikariPool-1 - Starting...
2023-04-03T10:51:50.474+05:30  INFO 11320 --- [restartedMain] com.zaxxer.hikari.pool.HikariPool        : HikariPool-1 - Added connection org.postgresql.jdbc.PgConnection@1528b9c8
2023-04-03T10:51:50.476+05:30  INFO 11320 --- [restartedMain] com.zaxxer.hikari.HikariDataSource       : HikariPool-1 - Start completed.
2023-04-03T10:51:50.517+05:30  INFO 11320 --- [restartedMain] SQL dialect                              : HHH000400: Using dialect: org.hibernate.dialect.PostgreSQLDialect
2023-04-03T10:51:51.821+05:30  INFO 11320 --- [restartedMain] o.h.e.t.j.p.i.JtaPlatformInitiator       : HHH000490: Using JtaPlatform implementation: [org.hibernate.engine.transaction.jta.platform.internal.NoJtaPlatform]
2023-04-03T10:51:51.831+05:30  INFO 11320 --- [restartedMain] j.LocalContainerEntityManagerFactoryBean : Initialized JPA EntityManagerFactory for persistence unit 'default'
2023-04-03T10:51:52.715+05:30  WARN 11320 --- [restartedMain] JpaBaseConfiguration$JpaWebConfiguration : spring.jpa.open-in-view is enabled by default. Therefore, database queries may be performed during view rendering. Explicitly configure spring.jpa.open-in-view to disable this warning
2023-04-03T10:51:54.274+05:30  INFO 11320 --- [restartedMain] o.s.b.d.a.OptionalLiveReloadServer       : LiveReload server is running on port 35729
2023-04-03T10:51:54.320+05:30  INFO 11320 --- [restartedMain] o.s.b.w.embedded.tomcat.TomcatWebServer  : Tomcat started on port(s): 8080 (http) with context path ''
2023-04-03T10:51:54.332+05:30  INFO 11320 --- [restartedMain] com.example.demo.DemoApplication         : Started DemoApplication in 8.761 seconds (process running for 9.473)
2023-04-03T10:52:31.949+05:30  INFO 11320 --- [http-nio-8080-exec-2] o.a.c.c.C.[Tomcat].[localhost].[/]       : Initializing Spring DispatcherServlet 'dispatcherServlet'
2023-04-03T10:52:31.949+05:30  INFO 11320 --- [http-nio-8080-exec-2] o.s.web.servlet.DispatcherServlet        : Initializing Servlet 'dispatcherServlet'
2023-04-03T10:52:31.951+05:30  INFO 11320 --- [http-nio-8080-exec-2] o.s.web.servlet.DispatcherServlet        : Completed initialization in 2 ms
2023-04-03T10:52:32.547+05:30 ERROR 11320 --- [http-nio-8080-exec-2] o.a.c.c.C.[.[.[/].[dispatcherServlet]    : Servlet.service() for servlet [dispatcherServlet] in context with path [] threw exception [Request processing failed: org.springframework.data.redis.RedisConnectionFailureException: Unable to connect to Redis] with root cause

java.net.ConnectException: Connection refused: no further information
	at java.base/sun.nio.ch.Net.pollConnect(Native Method) ~[na:na]
	at java.base/sun.nio.ch.Net.pollConnectNow(Net.java:672) ~[na:na]
	at java.base/sun.nio.ch.SocketChannelImpl.finishConnect(SocketChannelImpl.java:973) ~[na:na]
	at io.netty.channel.socket.nio.NioSocketChannel.doFinishConnect(NioSocketChannel.java:337) ~[netty-transport-4.1.89.Final.jar:4.1.89.Final]
	at io.netty.channel.nio.AbstractNioChannel$AbstractNioUnsafe.finishConnect(AbstractNioChannel.java:334) ~[netty-transport-4.1.89.Final.jar:4.1.89.Final]
	at io.netty.channel.nio.NioEventLoop.processSelectedKey(NioEventLoop.java:776) ~[netty-transport-4.1.89.Final.jar:4.1.89.Final]
	at io.netty.channel.nio.NioEventLoop.processSelectedKeysOptimized(NioEventLoop.java:724) ~[netty-transport-4.1.89.Final.jar:4.1.89.Final]
	at io.netty.channel.nio.NioEventLoop.processSelectedKeys(NioEventLoop.java:650) ~[netty-transport-4.1.89.Final.jar:4.1.89.Final]
	at io.netty.channel.nio.NioEventLoop.run(NioEventLoop.java:562) ~[netty-transport-4.1.89.Final.jar:4.1.89.Final]
	at io.netty.util.concurrent.SingleThreadEventExecutor$4.run(SingleThreadEventExecutor.java:997) ~[netty-common-4.1.89.Final.jar:4.1.89.Final]
	at io.netty.util.internal.ThreadExecutorMap$2.run(ThreadExecutorMap.java:74) ~[netty-common-4.1.89.Final.jar:4.1.89.Final]
	at io.netty.util.concurrent.FastThreadLocalRunnable.run(FastThreadLocalRunnable.java:30) ~[netty-common-4.1.89.Final.jar:4.1.89.Final]
	at java.base/java.lang.Thread.run(Thread.java:1589) ~[na:na]

2023-04-03T10:53:18.953+05:30  INFO 11320 --- [http-nio-8080-exec-4] com.example.demo.helpers.LoggingAspect   : Executing EmployeeService.getEmployee
2023-04-03T10:53:19.026+05:30  INFO 11320 --- [http-nio-8080-exec-4] com.example.demo.helpers.LoggingAspect   : Finished executing EmployeeService.getEmployee
2023-04-03T10:53:19.028+05:30  WARN 11320 --- [http-nio-8080-exec-4] .w.s.m.a.ResponseStatusExceptionResolver : Resolved [com.example.demo.helpers.ResourceNotFoundExceptionHandler: Employee with id: 1000 not found]
