#
# A fatal error has been detected by the Java Runtime Environment:
#
#  EXCEPTION_ACCESS_VIOLATION (0xc0000005) at pc=0x00007ff8c8135d75, pid=6552, tid=4320
#
# JRE version: OpenJDK Runtime Environment Temurin-19.0.2+7 (19.0.2+7) (build 19.0.2+7)
# Java VM: OpenJDK 64-Bit Server VM Temurin-19.0.2+7 (19.0.2+7, mixed mode, tiered, compressed oops, compressed class ptrs, g1 gc, windows-amd64)
# Problematic frame:
# V  [jvm.dll+0x5c5d75]
#
# No core dump will be written. Minidumps are not enabled by default on client versions of Windows
#
# If you would like to submit a bug report, please visit:
#   https://github.com/adoptium/adoptium-support/issues
#

---------------  S U M M A R Y ------------

Command Line: -Dfile.encoding=UTF-8 -XX:+ShowCodeDetailsInExceptionMessages com.example.demo.DemoApplication

Host: Intel(R) Core(TM) i5-8250U CPU @ 1.60GHz, 8 cores, 11G,  Windows 11 , 64 bit Build 22621 (10.0.22621.1344)
Time: Tue Mar 28 13:23:22 2023 India Standard Time elapsed time: 6.113275 seconds (0d 0h 0m 6s)

---------------  T H R E A D  ---------------

Current thread (0x000001f846c77f50):  JavaThread "C2 CompilerThread0" daemon [_thread_in_vm, id=4320, stack(0x0000007edf600000,0x0000007edf700000)]


Current CompileTask:
C2:   6113 4700   !   4       jdk.internal.loader.BuiltinClassLoader::findClassOnClassPathOrNull (64 bytes)

Stack: [0x0000007edf600000,0x0000007edf700000],  sp=0x0000007edf6fb420,  free space=1005k
Native frames: (J=compiled Java code, j=interpreted, Vv=VM code, C=native code)
V  [jvm.dll+0x5c5d75]
V  [jvm.dll+0x5c8ecd]
V  [jvm.dll+0x5c6890]
V  [jvm.dll+0x5c6af7]
V  [jvm.dll+0x1ef8c7]
V  [jvm.dll+0x1ef540]
V  [jvm.dll+0x204dc8]
V  [jvm.dll+0x209957]
V  [jvm.dll+0x2077af]
V  [jvm.dll+0x209dab]
V  [jvm.dll+0x2095ae]
V  [jvm.dll+0x20a561]
V  [jvm.dll+0x20982e]
V  [jvm.dll+0x1f9530]
V  [jvm.dll+0x14acd4]
V  [jvm.dll+0x2eff66]
V  [jvm.dll+0x2f1ccc]
V  [jvm.dll+0x704556]
V  [jvm.dll+0x6fc7eb]
V  [jvm.dll+0x6fbe25]
V  [jvm.dll+0x6f9c9b]
V  [jvm.dll+0x1d263c]
V  [jvm.dll+0x1d3206]
V  [jvm.dll+0x2f1d46]
V  [jvm.dll+0x704556]
V  [jvm.dll+0x6fc7eb]
V  [jvm.dll+0x6fbe25]
V  [jvm.dll+0x6f9c9b]
V  [jvm.dll+0x1d263c]
V  [jvm.dll+0x2f1d46]
V  [jvm.dll+0x704556]
V  [jvm.dll+0x6fc7eb]
V  [jvm.dll+0x6fbe25]
V  [jvm.dll+0x6f9c9b]
V  [jvm.dll+0x1d263c]
V  [jvm.dll+0x1d3206]
V  [jvm.dll+0x1d3206]
V  [jvm.dll+0x2f1d46]
V  [jvm.dll+0x704556]
V  [jvm.dll+0x6fc7eb]
V  [jvm.dll+0x6fbe25]
V  [jvm.dll+0x6f9c9b]
V  [jvm.dll+0x1d263c]
V  [jvm.dll+0x1d3206]
V  [jvm.dll+0x2f1d46]
V  [jvm.dll+0x704556]
V  [jvm.dll+0x6fc7eb]
V  [jvm.dll+0x6fbe25]
V  [jvm.dll+0x6f9c9b]
V  [jvm.dll+0x1d263c]
V  [jvm.dll+0x244233]
V  [jvm.dll+0x1cf4b1]
V  [jvm.dll+0x254229]
V  [jvm.dll+0x252418]
V  [jvm.dll+0x85403d]
V  [jvm.dll+0x84de3a]
V  [jvm.dll+0x6e8abb]
C  [ucrtbase.dll+0x29363]
C  [KERNEL32.DLL+0x126bd]
C  [ntdll.dll+0x5a9f8]


siginfo: EXCEPTION_ACCESS_VIOLATION (0xc0000005), reading address 0x0000000000000088


Registers:
RAX=0x0000000000000000, RBX=0x000001f846c77f50, RCX=0x00000008000aadc0, RDX=0x0000000000000000
RSP=0x0000007edf6fb420, RBP=0x0000007edf6fb6b0, RSI=0x0000007edf6fb5e8, RDI=0x0000007edf6fb8a0
R8 =0x0000000000000001, R9 =0x0000000000000000, R10=0x000000080002adc0, R11=0x0000000000000001
R12=0x00000008000aadc0, R13=0x0000000800042d38, R14=0x000001f842f9e2f8, R15=0x000001f842a03ef0
RIP=0x00007ff8c8135d75, EFLAGS=0x0000000000010202


Register to memory mapping:

RIP=0x00007ff8c8135d75 jvm.dll
RAX=0x0 is NULL
RBX=0x000001f846c77f50 is a thread
RCX=0x00000008000aadc0 is pointing into metadata
RDX=0x0 is NULL
RSP=0x0000007edf6fb420 is pointing into the stack for thread: 0x000001f846c77f50
RBP=0x0000007edf6fb6b0 is pointing into the stack for thread: 0x000001f846c77f50
RSI=0x0000007edf6fb5e8 is pointing into the stack for thread: 0x000001f846c77f50
RDI=0x0000007edf6fb8a0 is pointing into the stack for thread: 0x000001f846c77f50
R8 =0x0000000000000001 is an unknown value
R9 =0x0 is NULL
R10=0x000000080002adc0 is a pointer to class: 
java.lang.NamedPackage {0x000000080002adc8}
 - instance size:     3
 - klass size:        66
 - access:            synchronized 
 - state:             fully_initialized
 - name:              'java/lang/NamedPackage'
 - super:             'java/lang/Object'
 - sub:               'java/lang/Package'   
 - arrays:            'java/lang/NamedPackage'[]
 - methods:           Array<T>(0x000001f842f9e0d0)
 - method ordering:   Array<T>(0x000001f842c00018)
 - default_methods:   Array<T>(0x0000000000000000)
 - local interfaces:  Array<T>(0x000001f842c00058)
 - trans. interfaces: Array<T>(0x000001f842c00058)
 - constants:         constant pool [118] {0x000001f842f9dc50} for 
[error occurred during error reporting (printing register info), id 0xc0000005, EXCEPTION_ACCESS_VIOLATION (0xc0000005) at pc=0x00007ff8c7ddb8bf]

Top of Stack: (sp=0x0000007edf6fb420)
0x0000007edf6fb420:   000001f846c77f50 0000007edf6fb5e8
0x0000007edf6fb430:   0000007edf6fb5e8 00007ff8c8138ffe
0x0000007edf6fb440:   0000000000000001 000001f846c77f00
0x0000007edf6fb450:   000001f846c77f50 0000007edf6fb730
0x0000007edf6fb460:   000001f846c77f50 00007ff8c83d10cb
0x0000007edf6fb470:   0000007edf6fb5e8 00007ff8c852da38
0x0000007edf6fb480:   0000000000000000 0000007edf6fb5e8
0x0000007edf6fb490:   000001f846c77f50 000001f849384a50
0x0000007edf6fb4a0:   0000000000018360 000001f849385920
0x0000007edf6fb4b0:   000001f84938ca38 0000007edf6fb5d0
0x0000007edf6fb4c0:   00007ff8c85a1370 0000005000000000
0x0000007edf6fb4d0:   0000000000000000 0000000000000000
0x0000007edf6fb4e0:   0000000000000000 0000000000000000
0x0000007edf6fb4f0:   0000000000000000 0000007edf6fb511
0x0000007edf6fb500:   0000000000000000 0000000000000030
0x0000007edf6fb510:   000001f846c70000 0000000000000000 

Instructions: (pc=0x00007ff8c8135d75)
0x00007ff8c8135c75:   48 33 c4 48 89 84 24 30 01 00 00 49 8b 01 4c 8b
0x00007ff8c8135c85:   e9 48 8b 9c 24 b0 01 00 00 4d 8b e0 4c 8b d2 4c
0x00007ff8c8135c95:   89 4c 24 68 49 8b f1 48 89 5c 24 70 48 8b 48 08
0x00007ff8c8135ca5:   44 8b 48 28 48 8b 05 70 52 66 00 44 0f b7 41 22
0x00007ff8c8135cb5:   48 8b 51 08 4a 39 44 c2 48 75 1b 4c 3b 25 69 bd
0x00007ff8c8135cc5:   67 00 75 12 41 83 7a 0c 05 7c 0b 41 81 e1 fa 7f
0x00007ff8c8135cd5:   00 00 41 83 c9 01 48 89 5c 24 30 4d 8b c4 c6 44
0x00007ff8c8135ce5:   24 28 00 49 8b d2 49 8b cd c6 44 24 20 01 e8 d8
0x00007ff8c8135cf5:   d7 16 00 48 83 7b 08 00 0f 85 52 02 00 00 84 c0
0x00007ff8c8135d05:   0f 85 4a 02 00 00 48 89 ac 24 60 01 00 00 48 8d
0x00007ff8c8135d15:   8c 24 a0 00 00 00 48 89 bc 24 58 01 00 00 33 d2
0x00007ff8c8135d25:   4c 89 b4 24 50 01 00 00 4c 89 bc 24 48 01 00 00
0x00007ff8c8135d35:   4c 8b bb 50 02 00 00 49 8b 47 10 48 89 44 24 78
0x00007ff8c8135d45:   49 8b 47 18 48 89 84 24 88 00 00 00 49 8b 47 20
0x00007ff8c8135d55:   48 89 84 24 90 00 00 00 49 8b 47 28 48 89 84 24
0x00007ff8c8135d65:   80 00 00 00 e8 52 4b 12 00 49 8b 04 24 49 8b cc
0x00007ff8c8135d75:   ff 90 88 00 00 00 49 8b 55 00 49 8b cd 48 8b d8
0x00007ff8c8135d85:   ff 92 88 00 00 00 48 3b d8 48 8d 3d bd cf 33 00
0x00007ff8c8135d95:   40 0f 94 c5 75 07 48 89 7c 24 50 eb 12 45 33 c0
0x00007ff8c8135da5:   33 d2 49 8b cc e8 21 c4 fd ff 48 89 44 24 50 45
0x00007ff8c8135db5:   33 c0 49 8b cd 40 84 ed 74 0a 49 8b d4 e8 79 d0
0x00007ff8c8135dc5:   fd ff eb 07 33 d2 e8 00 c4 fd ff 48 8b 0e 4c 8d
0x00007ff8c8135dd5:   35 fe 1e 3f 00 40 84 ed 48 89 44 24 58 4c 0f 45
0x00007ff8c8135de5:   f7 8b 71 28 e8 72 38 0d 00 48 8b e8 8b ce d1 e9
0x00007ff8c8135df5:   48 8d 05 bc d1 33 00 f6 c1 01 8b ce 48 0f 45 f8
0x00007ff8c8135e05:   c1 e9 02 f6 c1 01 48 8d 05 40 cf 33 00 48 8b d8
0x00007ff8c8135e15:   48 8d 0d ac d1 33 00 48 0f 45 d9 48 8d 0d 09 d2
0x00007ff8c8135e25:   33 00 c1 ee 0a 40 f6 c6 01 48 0f 45 c1 49 8b cd
0x00007ff8c8135e35:   48 89 44 24 60 e8 71 cb fd ff 4c 8b 4c 24 60 48
0x00007ff8c8135e45:   8d 15 9d 2a 45 00 4c 8b c0 48 8d 8c 24 a0 00 00
0x00007ff8c8135e55:   00 48 8b 44 24 50 48 89 44 24 48 48 8b 44 24 58
0x00007ff8c8135e65:   4c 89 74 24 40 48 89 44 24 38 48 89 6c 24 30 48 


Stack slot to memory mapping:
stack at sp + 0 slots: 0x000001f846c77f50 is a thread
stack at sp + 1 slots: 0x0000007edf6fb5e8 is pointing into the stack for thread: 0x000001f846c77f50
stack at sp + 2 slots: 0x0000007edf6fb5e8 is pointing into the stack for thread: 0x000001f846c77f50
stack at sp + 3 slots: 0x00007ff8c8138ffe jvm.dll
stack at sp + 4 slots: 0x0000000000000001 is an unknown value
stack at sp + 5 slots: 0x000001f846c77f00 points into unknown readable memory: 0x0000000000000000 | 00 00 00 00 00 00 00 00
stack at sp + 6 slots: 0x000001f846c77f50 is a thread
stack at sp + 7 slots: 0x0000007edf6fb730 is pointing into the stack for thread: 0x000001f846c77f50


---------------  P R O C E S S  ---------------

Threads class SMR info:
_java_thread_list=0x000001f84ab64770, length=18, elements={
0x000001f82626b900, 0x000001f842a06740, 0x000001f842a07270, 0x000001f846c61ca0,
0x000001f846c625d0, 0x000001f846c63710, 0x000001f846c64040, 0x000001f846c77f50,
0x000001f842a0b610, 0x000001f842a0d6c0, 0x000001f846e05610, 0x000001f846e13a50,
0x000001f847a16b20, 0x000001f8475b8460, 0x000001f8492b88c0, 0x000001f8489d8600,
0x000001f8489d8b40, 0x000001f84aaef050
}

Java Threads: ( => current thread )
  0x000001f82626b900 JavaThread "main" [_thread_blocked, id=1352, stack(0x0000007ede900000,0x0000007edea00000)]
  0x000001f842a06740 JavaThread "Reference Handler" daemon [_thread_blocked, id=8684, stack(0x0000007edf000000,0x0000007edf100000)]
  0x000001f842a07270 JavaThread "Finalizer" daemon [_thread_blocked, id=4912, stack(0x0000007edf100000,0x0000007edf200000)]
  0x000001f846c61ca0 JavaThread "Signal Dispatcher" daemon [_thread_blocked, id=15500, stack(0x0000007edf200000,0x0000007edf300000)]
  0x000001f846c625d0 JavaThread "Attach Listener" daemon [_thread_blocked, id=15172, stack(0x0000007edf300000,0x0000007edf400000)]
  0x000001f846c63710 JavaThread "Service Thread" daemon [_thread_blocked, id=2504, stack(0x0000007edf400000,0x0000007edf500000)]
  0x000001f846c64040 JavaThread "Monitor Deflation Thread" daemon [_thread_blocked, id=15588, stack(0x0000007edf500000,0x0000007edf600000)]
=>0x000001f846c77f50 JavaThread "C2 CompilerThread0" daemon [_thread_in_vm, id=4320, stack(0x0000007edf600000,0x0000007edf700000)]
  0x000001f842a0b610 JavaThread "C1 CompilerThread0" daemon [_thread_blocked, id=6408, stack(0x0000007edf700000,0x0000007edf800000)]
  0x000001f842a0d6c0 JavaThread "Sweeper thread" daemon [_thread_blocked, id=4680, stack(0x0000007edf800000,0x0000007edf900000)]
  0x000001f846e05610 JavaThread "Notification Thread" daemon [_thread_blocked, id=10708, stack(0x0000007edf900000,0x0000007edfa00000)]
  0x000001f846e13a50 JavaThread "Common-Cleaner" daemon [_thread_blocked, id=8596, stack(0x0000007edfb00000,0x0000007edfc00000)]
  0x000001f847a16b20 JavaThread "Thread-0" [_thread_blocked, id=15388, stack(0x0000007edfe00000,0x0000007edff00000)]
  0x000001f8475b8460 JavaThread "restartedMain" [_thread_in_native, id=11620, stack(0x0000007edff00000,0x0000007ee0000000)]
  0x000001f8492b88c0 JavaThread "Catalina-utility-1" [_thread_blocked, id=16540, stack(0x0000007ee0500000,0x0000007ee0600000)]
  0x000001f8489d8600 JavaThread "Catalina-utility-2" [_thread_blocked, id=5652, stack(0x0000007ee0900000,0x0000007ee0a00000)]
  0x000001f8489d8b40 JavaThread "container-0" [_thread_blocked, id=17088, stack(0x0000007ee0a00000,0x0000007ee0b00000)]
  0x000001f84aaef050 JavaThread "lettuce-timer-3-1" daemon [_thread_blocked, id=1648, stack(0x0000007ee0b00000,0x0000007ee0c00000)]

Other Threads:
  0x000001f846c056a0 VMThread "VM Thread" [stack: 0x0000007edef00000,0x0000007edf000000] [id=3556]
  0x000001f846e00480 WatcherThread "VM Periodic Task Thread" [stack: 0x0000007edfa00000,0x0000007edfb00000] [id=10716]
  0x000001f8262cc0f0 WorkerThread "GC Thread#0" [stack: 0x0000007edea00000,0x0000007edeb00000] [id=11788]
  0x000001f847c32230 WorkerThread "GC Thread#1" [stack: 0x0000007ee0000000,0x0000007ee0100000] [id=5036]
  0x000001f847c32500 WorkerThread "GC Thread#2" [stack: 0x0000007ee0100000,0x0000007ee0200000] [id=5336]
  0x000001f847c73c40 WorkerThread "GC Thread#3" [stack: 0x0000007ee0200000,0x0000007ee0300000] [id=12608]
  0x000001f847c73f10 WorkerThread "GC Thread#4" [stack: 0x0000007ee0300000,0x0000007ee0400000] [id=9328]
  0x000001f847c745f0 WorkerThread "GC Thread#5" [stack: 0x0000007ee0400000,0x0000007ee0500000] [id=1608]
  0x000001f847cc4df0 WorkerThread "GC Thread#6" [stack: 0x0000007ee0600000,0x0000007ee0700000] [id=17368]
  0x000001f847cc5390 WorkerThread "GC Thread#7" [stack: 0x0000007ee0700000,0x0000007ee0800000] [id=2248]
  0x000001f8262d8fb0 ConcurrentGCThread "G1 Main Marker" [stack: 0x0000007edeb00000,0x0000007edec00000] [id=4260]
  0x000001f8262da320 WorkerThread "G1 Conc#0" [stack: 0x0000007edec00000,0x0000007eded00000] [id=8776]
  0x000001f847cc5930 WorkerThread "G1 Conc#1" [stack: 0x0000007ee0800000,0x0000007ee0900000] [id=11184]
  0x000001f82631e000 ConcurrentGCThread "G1 Refine#0" [stack: 0x0000007eded00000,0x0000007edee00000] [id=10064]
  0x000001f82631e9e0 ConcurrentGCThread "G1 Service" [stack: 0x0000007edee00000,0x0000007edef00000] [id=15144]

Threads with active compile tasks:
C2 CompilerThread0     6195 4700   !   4       jdk.internal.loader.BuiltinClassLoader::findClassOnClassPathOrNull (64 bytes)

VM state: not at safepoint (normal execution)

VM Mutex/Monitor currently owned by a thread: None

Heap address: 0x0000000742000000, size: 3040 MB, Compressed Oops mode: Zero based, Oop shift amount: 3

CDS archive(s) not mapped
Compressed class space mapped at: 0x0000000800000000-0x0000000840000000, reserved size: 1073741824
Narrow klass base: 0x0000000800000000, Narrow klass shift: 0, Narrow klass range: 0x40000000

GC Precious Log:
 CardTable entry size: 512
 Card Set container configuration: InlinePtr #cards 4 size 8 Array Of Cards #cards 16 size 48 Howl #buckets 8 coarsen threshold 3686 Howl Bitmap #cards 512 size 80 coarsen threshold 460 Card regions per heap region 1 cards per card region 4096
 CPUs: 8 total, 8 available
 Memory: 12154M
 Large Page Support: Disabled
 NUMA Support: Disabled
 Compressed Oops: Enabled (Zero based)
 Heap Region Size: 2M
 Heap Min Capacity: 8M
 Heap Initial Capacity: 190M
 Heap Max Capacity: 3040M
 Pre-touch: Disabled
 Parallel Workers: 8
 Concurrent Workers: 2
 Concurrent Refinement Workers: 8
 Periodic GC: Disabled

Heap:
 garbage-first heap   total 59392K, used 23110K [0x0000000742000000, 0x0000000800000000)
  region size 2048K, 4 young (8192K), 2 survivors (4096K)
 Metaspace       used 53428K, committed 53952K, reserved 1114112K
  class space    used 6343K, committed 6592K, reserved 1048576K

Heap Regions: E=young(eden), S=young(survivor), O=old, HS=humongous(starts), HC=humongous(continues), CS=collection set, F=free, OA=open archive, CA=closed archive, TAMS=top-at-mark-start (previous, next)
|   0|0x0000000742000000, 0x0000000742200000, 0x0000000742200000|100%| O|  |TAMS 0x0000000742200000, 0x0000000742000000| Untracked 
|   1|0x0000000742200000, 0x0000000742400000, 0x0000000742400000|100%| O|  |TAMS 0x0000000742400000, 0x0000000742200000| Untracked 
|   2|0x0000000742400000, 0x0000000742600000, 0x0000000742600000|100%| O|  |TAMS 0x0000000742600000, 0x0000000742400000| Untracked 
|   3|0x0000000742600000, 0x0000000742800000, 0x0000000742800000|100%| O|  |TAMS 0x0000000742600000, 0x0000000742600000| Untracked 
|   4|0x0000000742800000, 0x0000000742a00000, 0x0000000742a00000|100%| O|  |TAMS 0x0000000742a00000, 0x0000000742800000| Untracked 
|   5|0x0000000742a00000, 0x0000000742c00000, 0x0000000742c00000|100%| O|  |TAMS 0x0000000742c00000, 0x0000000742a00000| Untracked 
|   6|0x0000000742c00000, 0x0000000742d73000, 0x0000000742e00000| 72%| O|  |TAMS 0x0000000742c00000, 0x0000000742c00000| Untracked 
|   7|0x0000000742e00000, 0x0000000743000000, 0x0000000743000000|100%| O|  |TAMS 0x0000000742e00000, 0x0000000742e00000| Untracked 
|   8|0x0000000743000000, 0x0000000743200000, 0x0000000743200000|100%| O|  |TAMS 0x0000000743000000, 0x0000000743000000| Untracked 
|   9|0x0000000743200000, 0x0000000743200000, 0x0000000743400000|  0%| F|  |TAMS 0x0000000743200000, 0x0000000743200000| Untracked 
|  10|0x0000000743400000, 0x0000000743400000, 0x0000000743600000|  0%| F|  |TAMS 0x0000000743400000, 0x0000000743400000| Untracked 
|  11|0x0000000743600000, 0x0000000743600000, 0x0000000743800000|  0%| F|  |TAMS 0x0000000743600000, 0x0000000743600000| Untracked 
|  12|0x0000000743800000, 0x000000074391e8e8, 0x0000000743a00000| 55%| S|CS|TAMS 0x0000000743800000, 0x0000000743800000| Complete 
|  13|0x0000000743a00000, 0x0000000743c00000, 0x0000000743c00000|100%| S|CS|TAMS 0x0000000743a00000, 0x0000000743a00000| Complete 
|  14|0x0000000743c00000, 0x0000000743c00000, 0x0000000743e00000|  0%| F|  |TAMS 0x0000000743c00000, 0x0000000743c00000| Untracked 
|  15|0x0000000743e00000, 0x0000000743e00000, 0x0000000744000000|  0%| F|  |TAMS 0x0000000743e00000, 0x0000000743e00000| Untracked 
|  16|0x0000000744000000, 0x0000000744000000, 0x0000000744200000|  0%| F|  |TAMS 0x0000000744000000, 0x0000000744000000| Untracked 
|  17|0x0000000744200000, 0x0000000744200000, 0x0000000744400000|  0%| F|  |TAMS 0x0000000744200000, 0x0000000744200000| Untracked 
|  18|0x0000000744400000, 0x0000000744400000, 0x0000000744600000|  0%| F|  |TAMS 0x0000000744400000, 0x0000000744400000| Untracked 
|  19|0x0000000744600000, 0x0000000744600000, 0x0000000744800000|  0%| F|  |TAMS 0x0000000744600000, 0x0000000744600000| Untracked 
|  20|0x0000000744800000, 0x0000000744800000, 0x0000000744a00000|  0%| F|  |TAMS 0x0000000744800000, 0x0000000744800000| Untracked 
|  21|0x0000000744a00000, 0x0000000744a00000, 0x0000000744c00000|  0%| F|  |TAMS 0x0000000744a00000, 0x0000000744a00000| Untracked 
|  22|0x0000000744c00000, 0x0000000744c00000, 0x0000000744e00000|  0%| F|  |TAMS 0x0000000744c00000, 0x0000000744c00000| Untracked 
|  23|0x0000000744e00000, 0x0000000744e00000, 0x0000000745000000|  0%| F|  |TAMS 0x0000000744e00000, 0x0000000744e00000| Untracked 
|  24|0x0000000745000000, 0x0000000745000000, 0x0000000745200000|  0%| F|  |TAMS 0x0000000745000000, 0x0000000745000000| Untracked 
|  25|0x0000000745200000, 0x0000000745200000, 0x0000000745400000|  0%| F|  |TAMS 0x0000000745200000, 0x0000000745200000| Untracked 
|  92|0x000000074d800000, 0x000000074d800000, 0x000000074da00000|  0%| F|  |TAMS 0x000000074d800000, 0x000000074d800000| Untracked 
|  93|0x000000074da00000, 0x000000074db41f90, 0x000000074dc00000| 62%| E|  |TAMS 0x000000074da00000, 0x000000074da00000| Complete 
|  94|0x000000074dc00000, 0x000000074de00000, 0x000000074de00000|100%| E|CS|TAMS 0x000000074dc00000, 0x000000074dc00000| Complete 

Card table byte_map: [0x000001f8394a0000,0x000001f839a90000] _byte_map_base: 0x000001f835a90000

Marking Bits (Prev, Next): (CMBitMap*) 0x000001f8262cc720, (CMBitMap*) 0x000001f8262cc760
 Prev Bits: [0x000001f83a080000, 0x000001f83d000000)
 Next Bits: [0x000001f83d000000, 0x000001f83ff80000)

Polling page: 0x000001f824210000

Metaspace:

Usage:
  Non-class:     45.98 MB used.
      Class:      6.19 MB used.
       Both:     52.18 MB used.

Virtual space:
  Non-class space:       64.00 MB reserved,      46.25 MB ( 72%) committed,  1 nodes.
      Class space:        1.00 GB reserved,       6.44 MB ( <1%) committed,  1 nodes.
             Both:        1.06 GB reserved,      52.69 MB (  5%) committed. 

Chunk freelists:
   Non-Class:  1.66 MB
       Class:  1.52 MB
        Both:  3.17 MB

MaxMetaspaceSize: unlimited
CompressedClassSpaceSize: 1.00 GB
Initial GC threshold: 21.00 MB
Current GC threshold: 59.19 MB
CDS: off
MetaspaceReclaimPolicy: balanced
 - commit_granule_bytes: 65536.
 - commit_granule_words: 8192.
 - virtual_space_node_default_size: 8388608.
 - enlarge_chunks_in_place: 1.
 - new_chunks_are_fully_committed: 0.
 - uncommit_free_chunks: 1.
 - use_allocation_guard: 0.


Internal statistics:

num_allocs_failed_limit: 6.
num_arena_births: 670.
num_arena_deaths: 0.
num_vsnodes_births: 2.
num_vsnodes_deaths: 0.
num_space_committed: 843.
num_space_uncommitted: 0.
num_chunks_returned_to_freelist: 6.
num_chunks_taken_from_freelist: 2222.
num_chunk_merges: 3.
num_chunk_splits: 1593.
num_chunks_enlarged: 1277.
num_inconsistent_stats: 0.

CodeHeap 'non-profiled nmethods': size=120000Kb used=2950Kb max_used=2950Kb free=117049Kb
 bounds [0x000001f831640000, 0x000001f831930000, 0x000001f838b70000]
CodeHeap 'profiled nmethods': size=120000Kb used=10283Kb max_used=10283Kb free=109716Kb
 bounds [0x000001f829b70000, 0x000001f82a580000, 0x000001f8310a0000]
CodeHeap 'non-nmethods': size=5760Kb used=1340Kb max_used=1394Kb free=4419Kb
 bounds [0x000001f8310a0000, 0x000001f831310000, 0x000001f831640000]
 total_blobs=5278 nmethods=4708 adapters=480
 compilation: enabled
              stopped_count=0, restarted_count=0
 full_count=0

Compilation events (20 events):
Event: 5.983 Thread 0x000001f842a0b610 4691   !   3       java.util.zip.Inflater::end (37 bytes)
Event: 5.984 Thread 0x000001f842a0b610 nmethod 4691 0x000001f82a572090 code [0x000001f82a572280, 0x000001f82a572888]
Event: 5.985 Thread 0x000001f846c77f50 nmethod 4684 0x000001f83191bb90 code [0x000001f83191bd40, 0x000001f83191c188]
Event: 6.028 Thread 0x000001f846c77f50 4692   !   4       java.util.zip.ZipFile$CleanableResource::releaseInflater (53 bytes)
Event: 6.036 Thread 0x000001f846c77f50 nmethod 4692 0x000001f83191c510 code [0x000001f83191c6c0, 0x000001f83191d048]
Event: 6.036 Thread 0x000001f846c77f50 4693   !   4       java.util.zip.Inflater::reset (64 bytes)
Event: 6.040 Thread 0x000001f846c77f50 nmethod 4693 0x000001f83191d410 code [0x000001f83191d5a0, 0x000001f83191da28]
Event: 6.040 Thread 0x000001f846c77f50 4694       4       java.util.zip.ZipFile$InflaterCleanupAction::run (12 bytes)
Event: 6.051 Thread 0x000001f846c77f50 nmethod 4694 0x000001f83191db90 code [0x000001f83191dd40, 0x000001f83191e728]
Event: 6.051 Thread 0x000001f846c77f50 4695       4       java.net.URLStreamHandler::toExternalForm (156 bytes)
Event: 6.065 Thread 0x000001f842a0b610 4696       3       java.lang.invoke.MethodHandles::insertArguments (98 bytes)
Event: 6.066 Thread 0x000001f842a0b610 nmethod 4696 0x000001f82a572b10 code [0x000001f82a572d80, 0x000001f82a5738e8]
Event: 6.067 Thread 0x000001f842a0b610 4697       3       java.util.ImmutableCollections$AbstractImmutableList::iterator (13 bytes)
Event: 6.067 Thread 0x000001f842a0b610 nmethod 4697 0x000001f82a573d90 code [0x000001f82a573f60, 0x000001f82a5742e8]
Event: 6.067 Thread 0x000001f842a0b610 4698       3       java.util.ImmutableCollections$ListItr::<init> (25 bytes)
Event: 6.068 Thread 0x000001f842a0b610 nmethod 4698 0x000001f82a574410 code [0x000001f82a5745c0, 0x000001f82a574798]
Event: 6.068 Thread 0x000001f842a0b610 4699       3       jdk.internal.loader.BuiltinClassLoader::findResources (182 bytes)
Event: 6.070 Thread 0x000001f842a0b610 nmethod 4699 0x000001f82a574890 code [0x000001f82a574cc0, 0x000001f82a576fc8]
Event: 6.090 Thread 0x000001f846c77f50 nmethod 4695 0x000001f83191eb90 code [0x000001f83191ee60, 0x000001f8319207d8]
Event: 6.090 Thread 0x000001f846c77f50 4700   !   4       jdk.internal.loader.BuiltinClassLoader::findClassOnClassPathOrNull (64 bytes)

GC Heap History (20 events):
Event: 1.996 GC heap before
{Heap before GC invocations=5 (full 0):
 garbage-first heap   total 49152K, used 13120K [0x0000000742000000, 0x0000000800000000)
  region size 2048K, 2 young (4096K), 1 survivors (2048K)
 Metaspace       used 27092K, committed 27392K, reserved 1114112K
  class space    used 2849K, committed 3008K, reserved 1048576K
}
Event: 1.999 GC heap after
{Heap after GC invocations=6 (full 0):
 garbage-first heap   total 49152K, used 11411K [0x0000000742000000, 0x0000000800000000)
  region size 2048K, 1 young (2048K), 1 survivors (2048K)
 Metaspace       used 27092K, committed 27392K, reserved 1114112K
  class space    used 2849K, committed 3008K, reserved 1048576K
}
Event: 2.456 GC heap before
{Heap before GC invocations=6 (full 0):
 garbage-first heap   total 49152K, used 29843K [0x0000000742000000, 0x0000000800000000)
  region size 2048K, 10 young (20480K), 1 survivors (2048K)
 Metaspace       used 29395K, committed 29696K, reserved 1114112K
  class space    used 3115K, committed 3264K, reserved 1048576K
}
Event: 2.458 GC heap after
{Heap after GC invocations=7 (full 0):
 garbage-first heap   total 49152K, used 12641K [0x0000000742000000, 0x0000000800000000)
  region size 2048K, 1 young (2048K), 1 survivors (2048K)
 Metaspace       used 29395K, committed 29696K, reserved 1114112K
  class space    used 3115K, committed 3264K, reserved 1048576K
}
Event: 2.969 GC heap before
{Heap before GC invocations=7 (full 0):
 garbage-first heap   total 49152K, used 31073K [0x0000000742000000, 0x0000000800000000)
  region size 2048K, 10 young (20480K), 1 survivors (2048K)
 Metaspace       used 32918K, committed 33216K, reserved 1114112K
  class space    used 3670K, committed 3840K, reserved 1048576K
}
Event: 2.972 GC heap after
{Heap after GC invocations=8 (full 0):
 garbage-first heap   total 49152K, used 13900K [0x0000000742000000, 0x0000000800000000)
  region size 2048K, 2 young (4096K), 2 survivors (4096K)
 Metaspace       used 32918K, committed 33216K, reserved 1114112K
  class space    used 3670K, committed 3840K, reserved 1048576K
}
Event: 3.458 GC heap before
{Heap before GC invocations=8 (full 0):
 garbage-first heap   total 49152K, used 30284K [0x0000000742000000, 0x0000000800000000)
  region size 2048K, 11 young (22528K), 2 survivors (4096K)
 Metaspace       used 35762K, committed 36096K, reserved 1114112K
  class space    used 4059K, committed 4224K, reserved 1048576K
}
Event: 3.463 GC heap after
{Heap after GC invocations=9 (full 0):
 garbage-first heap   total 49152K, used 15713K [0x0000000742000000, 0x0000000800000000)
  region size 2048K, 2 young (4096K), 2 survivors (4096K)
 Metaspace       used 35762K, committed 36096K, reserved 1114112K
  class space    used 4059K, committed 4224K, reserved 1048576K
}
Event: 4.081 GC heap before
{Heap before GC invocations=10 (full 0):
 garbage-first heap   total 49152K, used 30049K [0x0000000742000000, 0x0000000800000000)
  region size 2048K, 10 young (20480K), 2 survivors (4096K)
 Metaspace       used 39073K, committed 39488K, reserved 1114112K
  class space    used 4480K, committed 4672K, reserved 1048576K
}
Event: 4.086 GC heap after
{Heap after GC invocations=11 (full 0):
 garbage-first heap   total 49152K, used 16985K [0x0000000742000000, 0x0000000800000000)
  region size 2048K, 2 young (4096K), 2 survivors (4096K)
 Metaspace       used 39073K, committed 39488K, reserved 1114112K
  class space    used 4480K, committed 4672K, reserved 1048576K
}
Event: 4.149 GC heap before
{Heap before GC invocations=11 (full 0):
 garbage-first heap   total 49152K, used 19033K [0x0000000742000000, 0x0000000800000000)
  region size 2048K, 3 young (6144K), 2 survivors (4096K)
 Metaspace       used 39256K, committed 39744K, reserved 1114112K
  class space    used 4504K, committed 4736K, reserved 1048576K
}
Event: 4.155 GC heap after
{Heap after GC invocations=12 (full 0):
 garbage-first heap   total 49152K, used 16869K [0x0000000742000000, 0x0000000800000000)
  region size 2048K, 1 young (2048K), 1 survivors (2048K)
 Metaspace       used 39256K, committed 39744K, reserved 1114112K
  class space    used 4504K, committed 4736K, reserved 1048576K
}
Event: 4.594 GC heap before
{Heap before GC invocations=12 (full 0):
 garbage-first heap   total 49152K, used 33253K [0x0000000742000000, 0x0000000800000000)
  region size 2048K, 9 young (18432K), 1 survivors (2048K)
 Metaspace       used 41929K, committed 42368K, reserved 1114112K
  class space    used 4782K, committed 4992K, reserved 1048576K
}
Event: 4.596 GC heap after
{Heap after GC invocations=13 (full 0):
 garbage-first heap   total 49152K, used 17986K [0x0000000742000000, 0x0000000800000000)
  region size 2048K, 1 young (2048K), 1 survivors (2048K)
 Metaspace       used 41929K, committed 42368K, reserved 1114112K
  class space    used 4782K, committed 4992K, reserved 1048576K
}
Event: 5.061 GC heap before
{Heap before GC invocations=13 (full 0):
 garbage-first heap   total 49152K, used 36418K [0x0000000742000000, 0x0000000800000000)
  region size 2048K, 10 young (20480K), 1 survivors (2048K)
 Metaspace       used 45706K, committed 46272K, reserved 1114112K
  class space    used 5286K, committed 5568K, reserved 1048576K
}
Event: 5.064 GC heap after
{Heap after GC invocations=14 (full 0):
 garbage-first heap   total 49152K, used 19242K [0x0000000742000000, 0x0000000800000000)
  region size 2048K, 2 young (4096K), 2 survivors (4096K)
 Metaspace       used 45706K, committed 46272K, reserved 1114112K
  class space    used 5286K, committed 5568K, reserved 1048576K
}
Event: 5.343 GC heap before
{Heap before GC invocations=14 (full 0):
 garbage-first heap   total 49152K, used 35626K [0x0000000742000000, 0x0000000800000000)
  region size 2048K, 10 young (20480K), 2 survivors (4096K)
 Metaspace       used 47263K, committed 47808K, reserved 1114112K
  class space    used 5485K, committed 5760K, reserved 1048576K
}
Event: 5.347 GC heap after
{Heap after GC invocations=15 (full 0):
 garbage-first heap   total 49152K, used 19975K [0x0000000742000000, 0x0000000800000000)
  region size 2048K, 2 young (4096K), 2 survivors (4096K)
 Metaspace       used 47263K, committed 47808K, reserved 1114112K
  class space    used 5485K, committed 5760K, reserved 1048576K
}
Event: 6.073 GC heap before
{Heap before GC invocations=15 (full 0):
 garbage-first heap   total 49152K, used 36359K [0x0000000742000000, 0x0000000800000000)
  region size 2048K, 10 young (20480K), 2 survivors (4096K)
 Metaspace       used 52140K, committed 52672K, reserved 1114112K
  class space    used 6193K, committed 6464K, reserved 1048576K
}
Event: 6.076 GC heap after
{Heap after GC invocations=16 (full 0):
 garbage-first heap   total 59392K, used 21062K [0x0000000742000000, 0x0000000800000000)
  region size 2048K, 2 young (4096K), 2 survivors (4096K)
 Metaspace       used 52140K, committed 52672K, reserved 1114112K
  class space    used 6193K, committed 6464K, reserved 1048576K
}

Dll operation events (10 events):
Event: 0.008 Loaded shared library C:\Users\prash\.p2\pool\plugins\org.eclipse.justj.openjdk.hotspot.jre.full.win32.x86_64_19.0.2.v20230129-1123\jre\bin\java.dll
Event: 0.013 Loaded shared library C:\Users\prash\.p2\pool\plugins\org.eclipse.justj.openjdk.hotspot.jre.full.win32.x86_64_19.0.2.v20230129-1123\jre\bin\zip.dll
Event: 0.169 Loaded shared library C:\Users\prash\.p2\pool\plugins\org.eclipse.justj.openjdk.hotspot.jre.full.win32.x86_64_19.0.2.v20230129-1123\jre\bin\net.dll
Event: 0.171 Loaded shared library C:\Users\prash\.p2\pool\plugins\org.eclipse.justj.openjdk.hotspot.jre.full.win32.x86_64_19.0.2.v20230129-1123\jre\bin\nio.dll
Event: 0.176 Loaded shared library C:\Users\prash\.p2\pool\plugins\org.eclipse.justj.openjdk.hotspot.jre.full.win32.x86_64_19.0.2.v20230129-1123\jre\bin\zip.dll
Event: 0.289 Loaded shared library C:\Users\prash\.p2\pool\plugins\org.eclipse.justj.openjdk.hotspot.jre.full.win32.x86_64_19.0.2.v20230129-1123\jre\bin\jimage.dll
Event: 0.644 Loaded shared library C:\Users\prash\.p2\pool\plugins\org.eclipse.justj.openjdk.hotspot.jre.full.win32.x86_64_19.0.2.v20230129-1123\jre\bin\management.dll
Event: 0.647 Loaded shared library C:\Users\prash\.p2\pool\plugins\org.eclipse.justj.openjdk.hotspot.jre.full.win32.x86_64_19.0.2.v20230129-1123\jre\bin\management_ext.dll
Event: 1.425 Loaded shared library C:\Users\prash\.p2\pool\plugins\org.eclipse.justj.openjdk.hotspot.jre.full.win32.x86_64_19.0.2.v20230129-1123\jre\bin\verify.dll
Event: 4.572 Loaded shared library C:\Users\prash\.p2\pool\plugins\org.eclipse.justj.openjdk.hotspot.jre.full.win32.x86_64_19.0.2.v20230129-1123\jre\bin\sunmscapi.dll

Deoptimization events (20 events):
Event: 5.212 Thread 0x000001f8475b8460 DEOPT PACKING pc=0x000001f8318338a8 sp=0x0000007edfffbaf0
Event: 5.212 Thread 0x000001f8475b8460 DEOPT UNPACKING pc=0x000001f831106da3 sp=0x0000007edfffbaa8 mode 2
Event: 5.237 Thread 0x000001f8475b8460 Uncommon trap: trap_request=0xffffffde fr.pc=0x000001f8318cf3ac relative=0x000000000000312c
Event: 5.237 Thread 0x000001f8475b8460 Uncommon trap: reason=class_check action=maybe_recompile pc=0x000001f8318cf3ac method=org.aspectj.weaver.World.resolve(Lorg/aspectj/weaver/UnresolvedType;Z)Lorg/aspectj/weaver/ResolvedType; @ 201 c2
Event: 5.237 Thread 0x000001f8475b8460 DEOPT PACKING pc=0x000001f8318cf3ac sp=0x0000007edfffc050
Event: 5.237 Thread 0x000001f8475b8460 DEOPT UNPACKING pc=0x000001f831106da3 sp=0x0000007edfffc020 mode 2
Event: 5.240 Thread 0x000001f8475b8460 Uncommon trap: trap_request=0xffffffde fr.pc=0x000001f8318cf3ac relative=0x000000000000312c
Event: 5.240 Thread 0x000001f8475b8460 Uncommon trap: reason=class_check action=maybe_recompile pc=0x000001f8318cf3ac method=org.aspectj.weaver.World.resolve(Lorg/aspectj/weaver/UnresolvedType;Z)Lorg/aspectj/weaver/ResolvedType; @ 201 c2
Event: 5.240 Thread 0x000001f8475b8460 DEOPT PACKING pc=0x000001f8318cf3ac sp=0x0000007edfffc050
Event: 5.240 Thread 0x000001f8475b8460 DEOPT UNPACKING pc=0x000001f831106da3 sp=0x0000007edfffc020 mode 2
Event: 5.289 Thread 0x000001f8475b8460 Uncommon trap: trap_request=0xffffff45 fr.pc=0x000001f83187a548 relative=0x0000000000000e48
Event: 5.289 Thread 0x000001f8475b8460 Uncommon trap: reason=unstable_if action=reinterpret pc=0x000001f83187a548 method=java.net.URLStreamHandler.parseURL(Ljava/net/URL;Ljava/lang/String;II)V @ 145 c2
Event: 5.289 Thread 0x000001f8475b8460 DEOPT PACKING pc=0x000001f83187a548 sp=0x0000007edfffcc60
Event: 5.289 Thread 0x000001f8475b8460 DEOPT UNPACKING pc=0x000001f831106da3 sp=0x0000007edfffcc00 mode 2
Event: 5.323 Thread 0x000001f8475b8460 Uncommon trap: trap_request=0xffffff45 fr.pc=0x000001f8317144f0 relative=0x0000000000003410
Event: 5.323 Thread 0x000001f8475b8460 Uncommon trap: reason=unstable_if action=reinterpret pc=0x000001f8317144f0 method=java.net.URL.<init>(Ljava/net/URL;Ljava/lang/String;Ljava/net/URLStreamHandler;)V @ 57 c2
Event: 5.323 Thread 0x000001f8475b8460 DEOPT PACKING pc=0x000001f8317144f0 sp=0x0000007edfffda90
Event: 5.323 Thread 0x000001f8475b8460 DEOPT UNPACKING pc=0x000001f831106da3 sp=0x0000007edfffda30 mode 2
Event: 5.896 Thread 0x000001f8475b8460 DEOPT PACKING pc=0x000001f829d73723 sp=0x0000007edfffc500
Event: 5.896 Thread 0x000001f8475b8460 DEOPT UNPACKING pc=0x000001f831107543 sp=0x0000007edfffb970 mode 0

Classes loaded (20 events):
Event: 5.546 Loading class java/lang/Process
Event: 5.547 Loading class java/lang/Process done
Event: 5.569 Loading class java/lang/reflect/GenericSignatureFormatError
Event: 5.569 Loading class java/lang/reflect/GenericSignatureFormatError done
Event: 5.958 Loading class java/util/UUID$Holder
Event: 5.959 Loading class java/util/UUID$Holder done
Event: 6.081 Loading class javax/xml/stream/XMLStreamException
Event: 6.081 Loading class javax/xml/stream/XMLStreamException done
Event: 6.081 Loading class javax/xml/stream/XMLEventReader
Event: 6.081 Loading class javax/xml/stream/XMLEventReader done
Event: 6.081 Loading class javax/xml/stream/XMLResolver
Event: 6.081 Loading class javax/xml/stream/XMLResolver done
Event: 6.085 Loading class javax/xml/stream/XMLEventFactory
Event: 6.085 Loading class javax/xml/stream/XMLEventFactory done
Event: 6.085 Loading class javax/xml/stream/FactoryFinder
Event: 6.085 Loading class javax/xml/stream/FactoryFinder done
Event: 6.086 Loading class javax/xml/stream/FactoryFinder$1
Event: 6.086 Loading class javax/xml/stream/FactoryFinder$1 done
Event: 6.086 Loading class com/sun/xml/internal/stream/events/XMLEventFactoryImpl
Event: 6.086 Loading class com/sun/xml/internal/stream/events/XMLEventFactoryImpl done

Classes unloaded (0 events):
No events

Classes redefined (0 events):
No events

Internal exceptions (20 events):
Event: 3.939 Thread 0x000001f8475b8460 Implicit null exception at 0x000001f8317ebc75 to 0x000001f8317ec6f8
Event: 3.939 Thread 0x000001f8475b8460 Exception <a 'java/lang/NoSuchMethodError'{0x000000074452a2f8}: 'java.lang.reflect.Field[] java.lang.Class.getDeclaredFields(java.lang.Class)'> (0x000000074452a2f8) 
thrown [s\src\hotspot\share\interpreter\linkResolver.cpp, line 774]
Event: 4.031 Thread 0x000001f8475b8460 Exception <a 'java/lang/NoSuchMethodError'{0x0000000744035148}: 'void java.lang.invoke.DirectMethodHandle$Holder.invokeInterface(java.lang.Object, java.lang.Object, int)'> (0x0000000744035148) 
thrown [s\src\hotspot\share\interpreter\linkResolver.cpp, line 774]
Event: 4.039 Thread 0x000001f8475b8460 Exception <a 'java/lang/IncompatibleClassChangeError'{0x00000007440847c8}: Found class java.lang.Object, but interface was expected> (0x00000007440847c8) 
thrown [s\src\hotspot\share\interpreter\linkResolver.cpp, line 841]
Event: 4.039 Thread 0x000001f8475b8460 Exception <a 'java/lang/NoSuchMethodError'{0x0000000744088e40}: 'void java.lang.invoke.DirectMethodHandle$Holder.invokeStatic(java.lang.Object, int, java.lang.Object)'> (0x0000000744088e40) 
thrown [s\src\hotspot\share\interpreter\linkResolver.cpp, line 774]
Event: 4.340 Thread 0x000001f8475b8460 Exception <a 'java/lang/NoSuchMethodError'{0x0000000744440718}: 'java.lang.Object java.lang.invoke.DirectMethodHandle$Holder.invokeStaticInit(java.lang.Object, int, int, int, int)'> (0x0000000744440718) 
thrown [s\src\hotspot\share\interpreter\linkResolver.cpp, line 774]
Event: 4.398 Thread 0x000001f8475b8460 Exception <a 'java/lang/NoSuchMethodError'{0x00000007444b9380}: 'java.lang.Object java.lang.invoke.DirectMethodHandle$Holder.invokeStaticInit(java.lang.Object, java.lang.Object, int, int, int, int)'> (0x00000007444b9380) 
thrown [s\src\hotspot\share\interpreter\linkResolver.cpp, line 774]
Event: 4.480 Thread 0x000001f8475b8460 Exception <a 'java/lang/NoSuchMethodError'{0x0000000744311888}: 'int java.lang.invoke.DirectMethodHandle$Holder.invokeVirtual(java.lang.Object, java.lang.Object, java.lang.Object, java.lang.Object)'> (0x0000000744311888) 
thrown [s\src\hotspot\share\interpreter\linkResolver.cpp, line 774]
Event: 4.480 Thread 0x000001f8475b8460 Exception <a 'java/lang/NoSuchMethodError'{0x0000000744315598}: 'int java.lang.invoke.DelegatingMethodHandle$Holder.reinvoke_L(java.lang.Object, java.lang.Object, java.lang.Object, java.lang.Object)'> (0x0000000744315598) 
thrown [s\src\hotspot\share\interpreter\linkResolver.cpp, line 774]
Event: 4.605 Thread 0x000001f8475b8460 Exception <a 'sun/nio/fs/WindowsException'{0x000000074dce6ed0}> (0x000000074dce6ed0) 
thrown [s\src\hotspot\share\prims\jni.cpp, line 517]
Event: 4.606 Thread 0x000001f8475b8460 Exception <a 'sun/nio/fs/WindowsException'{0x000000074dcecab0}> (0x000000074dcecab0) 
thrown [s\src\hotspot\share\prims\jni.cpp, line 517]
Event: 4.606 Thread 0x000001f8475b8460 Exception <a 'sun/nio/fs/WindowsException'{0x000000074dced188}> (0x000000074dced188) 
thrown [s\src\hotspot\share\prims\jni.cpp, line 517]
Event: 4.706 Thread 0x000001f8475b8460 Exception <a 'java/io/FileNotFoundException'{0x000000074db38578}> (0x000000074db38578) 
thrown [s\src\hotspot\share\prims\jni.cpp, line 517]
Event: 4.730 Thread 0x000001f8475b8460 Exception <a 'java/lang/NoSuchMethodError'{0x000000074d84ad48}: 'int java.lang.invoke.DirectMethodHandle$Holder.invokeInterface(java.lang.Object, java.lang.Object, java.lang.Object, java.lang.Object)'> (0x000000074d84ad48) 
thrown [s\src\hotspot\share\interpreter\linkResolver.cpp, line 774]
Event: 4.800 Thread 0x000001f8475b8460 Exception <a 'java/lang/NoSuchMethodError'{0x00000007449f45d0}: 'long java.lang.invoke.DirectMethodHandle$Holder.invokeVirtual(java.lang.Object, java.lang.Object)'> (0x00000007449f45d0) 
thrown [s\src\hotspot\share\interpreter\linkResolver.cpp, line 774]
Event: 4.807 Thread 0x000001f8475b8460 Exception <a 'java/io/FileNotFoundException'{0x000000074461de00}> (0x000000074461de00) 
thrown [s\src\hotspot\share\prims\jni.cpp, line 517]
Event: 5.051 Thread 0x000001f8475b8460 Exception <a 'java/lang/NoSuchMethodError'{0x0000000743f6c948}: 'java.lang.Object java.lang.invoke.DirectMethodHandle$Holder.invokeStaticInit(java.lang.Object, long)'> (0x0000000743f6c948) 
thrown [s\src\hotspot\share\interpreter\linkResolver.cpp, line 774]
Event: 5.106 Thread 0x000001f8475b8460 Exception <a 'java/lang/NoSuchMethodError'{0x000000074d832450}: 'java.lang.Object java.lang.invoke.DirectMethodHandle$Holder.invokeVirtual(java.lang.Object, java.lang.Object, java.lang.Object, java.lang.Object, java.lang.Object, java.lang.Object, java.lang.Object, java.lang.Object)'> (0x000000074d832450) 
thrown [s\src\hotspot\share\interpreter\linkResolver.cpp, line 774]
Event: 5.223 Thread 0x000001f8475b8460 Exception <a 'java/lang/NoSuchMethodError'{0x0000000744265458}: 'java.lang.Object java.lang.invoke.DirectMethodHandle$Holder.newInvokeSpecial(java.lang.Object, java.lang.Object, java.lang.Object, java.lang.Object, java.lang.Object, java.lang.Object, java.lang.Object, java.lang.Object, java.lang.Object, java.lang.Object, java.lang.Object)'> (0x0000000744265458) 
thrown [s\src\hotspot\share\interpreter\linkResolver.cpp, line 774]
Event: 5.374 Thread 0x000001f8475b8460 Exception <a 'java/lang/NoSuchMethodError'{0x000000074dca7790}: 'void java.lang.invoke.DelegatingMethodHandle$Holder.reinvoke_L(java.lang.Object, java.lang.Object, java.lang.Object, java.lang.Object, int, java.lang.Object, java.lang.Object, java.lang.Object)'> (0x000000074dca7790) 
thrown [s\src\hotspot\share\interpreter\linkResolver.cpp, line 774]

VM Operations (20 events):
Event: 4.769 Executing VM operation: HandshakeAllThreads
Event: 4.769 Executing VM operation: HandshakeAllThreads done
Event: 4.770 Executing VM operation: HandshakeAllThreads
Event: 4.770 Executing VM operation: HandshakeAllThreads done
Event: 4.809 Executing VM operation: HandshakeAllThreads
Event: 4.809 Executing VM operation: HandshakeAllThreads done
Event: 4.929 Executing VM operation: HandshakeAllThreads
Event: 4.929 Executing VM operation: HandshakeAllThreads done
Event: 4.989 Executing VM operation: ICBufferFull
Event: 4.989 Executing VM operation: ICBufferFull done
Event: 5.061 Executing VM operation: G1CollectForAllocation
Event: 5.064 Executing VM operation: G1CollectForAllocation done
Event: 5.213 Executing VM operation: HandshakeAllThreads
Event: 5.213 Executing VM operation: HandshakeAllThreads done
Event: 5.237 Executing VM operation: HandshakeAllThreads
Event: 5.237 Executing VM operation: HandshakeAllThreads done
Event: 5.343 Executing VM operation: G1CollectForAllocation
Event: 5.347 Executing VM operation: G1CollectForAllocation done
Event: 6.072 Executing VM operation: G1CollectForAllocation
Event: 6.076 Executing VM operation: G1CollectForAllocation done

Events (20 events):
Event: 0.071 Thread 0x000001f846c64040 Thread added: 0x000001f846c64040
Event: 0.071 Thread 0x000001f846c77f50 Thread added: 0x000001f846c77f50
Event: 0.072 Thread 0x000001f842a0b610 Thread added: 0x000001f842a0b610
Event: 0.072 Thread 0x000001f842a0d6c0 Thread added: 0x000001f842a0d6c0
Event: 0.151 Thread 0x000001f846e05610 Thread added: 0x000001f846e05610
Event: 0.157 Thread 0x000001f846e13a50 Thread added: 0x000001f846e13a50
Event: 0.190 Thread 0x000001f842a0c6c0 Thread added: 0x000001f842a0c6c0
Event: 0.481 Thread 0x000001f842a094b0 Thread added: 0x000001f842a094b0
Event: 0.704 Thread 0x000001f847a16b20 Thread added: 0x000001f847a16b20
Event: 0.706 Thread 0x000001f8475b8460 Thread added: 0x000001f8475b8460
Event: 1.343 Thread 0x000001f847de9030 Thread added: 0x000001f847de9030
Event: 1.707 Thread 0x000001f847de9030 Thread exited: 0x000001f847de9030
Event: 1.806 Thread 0x000001f8481e14a0 Thread added: 0x000001f8481e14a0
Event: 1.899 Thread 0x000001f8481e14a0 Thread exited: 0x000001f8481e14a0
Event: 4.818 Thread 0x000001f8492b88c0 Thread added: 0x000001f8492b88c0
Event: 4.820 Thread 0x000001f8489d8600 Thread added: 0x000001f8489d8600
Event: 4.830 Thread 0x000001f8489d8b40 Thread added: 0x000001f8489d8b40
Event: 4.987 Thread 0x000001f84aaef050 Thread added: 0x000001f84aaef050
Event: 5.628 Thread 0x000001f842a094b0 Thread exited: 0x000001f842a094b0
Event: 5.629 Thread 0x000001f842a0c6c0 Thread exited: 0x000001f842a0c6c0


Dynamic libraries:
0x00007ff796560000 - 0x00007ff79656e000 	C:\Users\prash\.p2\pool\plugins\org.eclipse.justj.openjdk.hotspot.jre.full.win32.x86_64_19.0.2.v20230129-1123\jre\bin\javaw.exe
0x00007ff91a7f0000 - 0x00007ff91aa04000 	C:\Windows\SYSTEM32\ntdll.dll
0x00007ff918a50000 - 0x00007ff918b13000 	C:\Windows\System32\KERNEL32.DLL
0x00007ff917f60000 - 0x00007ff9182fc000 	C:\Windows\System32\KERNELBASE.dll
0x00007ff917da0000 - 0x00007ff917eb1000 	C:\Windows\System32\ucrtbase.dll
0x00007ff906d60000 - 0x00007ff906d77000 	C:\Users\prash\.p2\pool\plugins\org.eclipse.justj.openjdk.hotspot.jre.full.win32.x86_64_19.0.2.v20230129-1123\jre\bin\jli.dll
0x00007ff903cc0000 - 0x00007ff903cd9000 	C:\Users\prash\.p2\pool\plugins\org.eclipse.justj.openjdk.hotspot.jre.full.win32.x86_64_19.0.2.v20230129-1123\jre\bin\VCRUNTIME140.dll
0x00007ff91a570000 - 0x00007ff91a71d000 	C:\Windows\System32\USER32.dll
0x00007ff917ec0000 - 0x00007ff917ee6000 	C:\Windows\System32\win32u.dll
0x00007ff8fbed0000 - 0x00007ff8fc15e000 	C:\Windows\WinSxS\amd64_microsoft.windows.common-controls_6595b64144ccf1df_6.0.22621.608_none_a9444ca7c10bb01d\COMCTL32.dll
0x00007ff918980000 - 0x00007ff9189a9000 	C:\Windows\System32\GDI32.dll
0x00007ff91a4c0000 - 0x00007ff91a567000 	C:\Windows\System32\msvcrt.dll
0x00007ff918380000 - 0x00007ff918493000 	C:\Windows\System32\gdi32full.dll
0x00007ff918560000 - 0x00007ff9185fa000 	C:\Windows\System32\msvcp_win.dll
0x00007ff91a770000 - 0x00007ff91a7a1000 	C:\Windows\System32\IMM32.DLL
0x00007ff912900000 - 0x00007ff91290c000 	C:\Users\prash\.p2\pool\plugins\org.eclipse.justj.openjdk.hotspot.jre.full.win32.x86_64_19.0.2.v20230129-1123\jre\bin\vcruntime140_1.dll
0x00007ff8e7300000 - 0x00007ff8e7391000 	C:\Users\prash\.p2\pool\plugins\org.eclipse.justj.openjdk.hotspot.jre.full.win32.x86_64_19.0.2.v20230129-1123\jre\bin\msvcp140.dll
0x00007ff8c7b70000 - 0x00007ff8c8861000 	C:\Users\prash\.p2\pool\plugins\org.eclipse.justj.openjdk.hotspot.jre.full.win32.x86_64_19.0.2.v20230129-1123\jre\bin\server\jvm.dll
0x00007ff919ec0000 - 0x00007ff919f6e000 	C:\Windows\System32\ADVAPI32.dll
0x00007ff918b20000 - 0x00007ff918bc4000 	C:\Windows\System32\sechost.dll
0x00007ff9195b0000 - 0x00007ff9196c5000 	C:\Windows\System32\RPCRT4.dll
0x00007ff903820000 - 0x00007ff903829000 	C:\Windows\SYSTEM32\WSOCK32.dll
0x00007ff910e40000 - 0x00007ff910e74000 	C:\Windows\SYSTEM32\WINMM.dll
0x00007ff9111d0000 - 0x00007ff9111da000 	C:\Windows\SYSTEM32\VERSION.dll
0x00007ff9198d0000 - 0x00007ff919941000 	C:\Windows\System32\WS2_32.dll
0x00007ff916580000 - 0x00007ff916598000 	C:\Windows\SYSTEM32\kernel.appcore.dll
0x00007ff9129b0000 - 0x00007ff9129ba000 	C:\Users\prash\.p2\pool\plugins\org.eclipse.justj.openjdk.hotspot.jre.full.win32.x86_64_19.0.2.v20230129-1123\jre\bin\jimage.dll
0x00007ff9174c0000 - 0x00007ff9176ee000 	C:\Windows\SYSTEM32\DBGHELP.DLL
0x00007ff91a0d0000 - 0x00007ff91a459000 	C:\Windows\System32\combase.dll
0x00007ff9197f0000 - 0x00007ff9198c7000 	C:\Windows\System32\OLEAUT32.dll
0x00007ff917380000 - 0x00007ff9173b2000 	C:\Windows\SYSTEM32\dbgcore.DLL
0x00007ff918300000 - 0x00007ff91837b000 	C:\Windows\System32\bcryptPrimitives.dll
0x00007ff906740000 - 0x00007ff906766000 	C:\Users\prash\.p2\pool\plugins\org.eclipse.justj.openjdk.hotspot.jre.full.win32.x86_64_19.0.2.v20230129-1123\jre\bin\java.dll
0x00007ff906720000 - 0x00007ff906738000 	C:\Users\prash\.p2\pool\plugins\org.eclipse.justj.openjdk.hotspot.jre.full.win32.x86_64_19.0.2.v20230129-1123\jre\bin\zip.dll
0x00007ff918bf0000 - 0x00007ff9193e0000 	C:\Windows\System32\SHELL32.dll
0x00007ff9151f0000 - 0x00007ff915abe000 	C:\Windows\SYSTEM32\windows.storage.dll
0x00007ff915090000 - 0x00007ff9151ce000 	C:\Windows\SYSTEM32\wintypes.dll
0x00007ff919f70000 - 0x00007ff91a061000 	C:\Windows\System32\SHCORE.dll
0x00007ff91a070000 - 0x00007ff91a0ce000 	C:\Windows\System32\shlwapi.dll
0x00007ff917b60000 - 0x00007ff917b81000 	C:\Windows\SYSTEM32\profapi.dll
0x00007ff906700000 - 0x00007ff906713000 	C:\Users\prash\.p2\pool\plugins\org.eclipse.justj.openjdk.hotspot.jre.full.win32.x86_64_19.0.2.v20230129-1123\jre\bin\net.dll
0x00007ff910150000 - 0x00007ff91027f000 	C:\Windows\SYSTEM32\WINHTTP.dll
0x00007ff9169b0000 - 0x00007ff916a19000 	C:\Windows\system32\mswsock.dll
0x00007ff9066e0000 - 0x00007ff9066f6000 	C:\Users\prash\.p2\pool\plugins\org.eclipse.justj.openjdk.hotspot.jre.full.win32.x86_64_19.0.2.v20230129-1123\jre\bin\nio.dll
0x00007ff9128c0000 - 0x00007ff9128c9000 	C:\Users\prash\.p2\pool\plugins\org.eclipse.justj.openjdk.hotspot.jre.full.win32.x86_64_19.0.2.v20230129-1123\jre\bin\management.dll
0x00007ff90fe40000 - 0x00007ff90fe4b000 	C:\Users\prash\.p2\pool\plugins\org.eclipse.justj.openjdk.hotspot.jre.full.win32.x86_64_19.0.2.v20230129-1123\jre\bin\management_ext.dll
0x00007ff918a40000 - 0x00007ff918a48000 	C:\Windows\System32\PSAPI.DLL
0x00007ff911e30000 - 0x00007ff911e40000 	C:\Users\prash\.p2\pool\plugins\org.eclipse.justj.openjdk.hotspot.jre.full.win32.x86_64_19.0.2.v20230129-1123\jre\bin\verify.dll
0x00007ff9177e0000 - 0x00007ff9177fb000 	C:\Windows\SYSTEM32\CRYPTSP.dll
0x00007ff9164f0000 - 0x00007ff916525000 	C:\Windows\system32\rsaenh.dll
0x00007ff916a90000 - 0x00007ff916ab8000 	C:\Windows\SYSTEM32\USERENV.dll
0x00007ff917450000 - 0x00007ff917478000 	C:\Windows\SYSTEM32\bcrypt.dll
0x00007ff916c80000 - 0x00007ff916c8c000 	C:\Windows\SYSTEM32\CRYPTBASE.dll
0x00007ff915eb0000 - 0x00007ff915edd000 	C:\Windows\SYSTEM32\IPHLPAPI.DLL
0x00007ff919a30000 - 0x00007ff919a39000 	C:\Windows\System32\NSI.dll
0x00007ff90fea0000 - 0x00007ff90feb9000 	C:\Windows\SYSTEM32\dhcpcsvc6.DLL
0x00007ff90fe80000 - 0x00007ff90fe9f000 	C:\Windows\SYSTEM32\dhcpcsvc.DLL
0x00007ff915f20000 - 0x00007ff916013000 	C:\Windows\SYSTEM32\DNSAPI.dll
0x00007ff911220000 - 0x00007ff91122e000 	C:\Users\prash\.p2\pool\plugins\org.eclipse.justj.openjdk.hotspot.jre.full.win32.x86_64_19.0.2.v20230129-1123\jre\bin\sunmscapi.dll
0x00007ff917c30000 - 0x00007ff917d96000 	C:\Windows\System32\CRYPT32.dll
0x00007ff916e00000 - 0x00007ff916e2d000 	C:\Windows\SYSTEM32\ncrypt.dll
0x00007ff916dc0000 - 0x00007ff916df7000 	C:\Windows\SYSTEM32\NTASN1.dll
0x00007ff90d950000 - 0x00007ff90d95a000 	C:\Windows\System32\rasadhlp.dll
0x00007ff90e420000 - 0x00007ff90e4a3000 	C:\Windows\System32\fwpuclnt.dll
0x00007ff904650000 - 0x00007ff904658000 	C:\Users\prash\.p2\pool\plugins\org.eclipse.justj.openjdk.hotspot.jre.full.win32.x86_64_19.0.2.v20230129-1123\jre\bin\extnet.dll

dbghelp: loaded successfully - version: 4.0.5 - missing functions: none
symbol engine: initialized successfully - sym options: 0x614 - pdb path: .;C:\Users\prash\.p2\pool\plugins\org.eclipse.justj.openjdk.hotspot.jre.full.win32.x86_64_19.0.2.v20230129-1123\jre\bin;C:\Windows\SYSTEM32;C:\Windows\WinSxS\amd64_microsoft.windows.common-controls_6595b64144ccf1df_6.0.22621.608_none_a9444ca7c10bb01d;C:\Users\prash\.p2\pool\plugins\org.eclipse.justj.openjdk.hotspot.jre.full.win32.x86_64_19.0.2.v20230129-1123\jre\bin\server

VM Arguments:
jvm_args: -Dfile.encoding=UTF-8 -XX:+ShowCodeDetailsInExceptionMessages 
java_command: com.example.demo.DemoApplication
java_class_path (initial): C:\Users\prash\eclipse-workspace\demo\target\classes;C:\Users\prash\.m2\repository\org\mapstruct\mapstruct\1.5.3.Final\mapstruct-1.5.3.Final.jar;C:\Users\prash\.m2\repository\org\springframework\boot\spring-boot-starter-data-jpa\3.0.4\spring-boot-starter-data-jpa-3.0.4.jar;C:\Users\prash\.m2\repository\org\springframework\boot\spring-boot-starter-jdbc\3.0.4\spring-boot-starter-jdbc-3.0.4.jar;C:\Users\prash\.m2\repository\com\zaxxer\HikariCP\5.0.1\HikariCP-5.0.1.jar;C:\Users\prash\.m2\repository\org\springframework\spring-jdbc\6.0.6\spring-jdbc-6.0.6.jar;C:\Users\prash\.m2\repository\org\hibernate\orm\hibernate-core\6.1.7.Final\hibernate-core-6.1.7.Final.jar;C:\Users\prash\.m2\repository\jakarta\persistence\jakarta.persistence-api\3.1.0\jakarta.persistence-api-3.1.0.jar;C:\Users\prash\.m2\repository\jakarta\transaction\jakarta.transaction-api\2.0.1\jakarta.transaction-api-2.0.1.jar;C:\Users\prash\.m2\repository\org\jboss\logging\jboss-logging\3.5.0.Final\jboss-logging-3.5.0.Final.jar;C:\Users\prash\.m2\repository\org\hibernate\common\hibernate-commons-annotations\6.0.6.Final\hibernate-commons-annotations-6.0.6.Final.jar;C:\Users\prash\.m2\repository\org\jboss\jandex\2.4.2.Final\jandex-2.4.2.Final.jar;C:\Users\prash\.m2\repository\com\fasterxml\classmate\1.5.1\classmate-1.5.1.jar;C:\Users\prash\.m2\repository\net\bytebuddy\byte-buddy\1.12.23\byte-buddy-1.12.23.jar;C:\Users\prash\.m2\repository\org\glassfish\jaxb\jaxb-runtime\4.0.2\jaxb-runtime-4.0.2.jar;C:\Users\prash\.m2\repository\org\glassfish\jaxb\jaxb-core\4.0.2\jaxb-core-4.0.2.jar;C:\Users\prash\.m2\repository\org\eclipse\angus\angus-activation\2.0.0\angus-activation-2.0.0.jar;C:\Users\prash\.m2\repository\org\glassfish\jaxb\txw2\4.0.2\txw2-4.0.2.jar;C:\Users\prash\.m2\repository\com\sun\istack\istack-commons-runtime\4.1.1\istack-commons-runtime-4.1.1.jar;C:\Users\prash\.m2\repository\jakarta\inject\jakarta.inject-api\2.0.0\jakarta.inject-api-2.0.0.jar;C:\Users\prash\.m2\repository\org\antlr\antlr4-runtime\4.10.1\antlr4-runtime-4.10.1.jar;C:\Users\prash\.m2\repository\org\springframework\data\spring-data-jpa\3.0.3\spring-data-jpa-3.0.3.jar;C:\Users\prash\.m2\repository\org\springframework\data\spring-data-commons\3.0.3\spring-data-commons-3.0.3.jar;C:\Users\prash\.m2\repository\org\springframework\spring-orm\6.0.6\spring-orm-6.0.6.jar;C:\Users\prash\.m2\repository\org\springframework\spring-context\6.0.6\spring-context-6.0.6.jar;C:\Users\prash\.m2\repository\org\springframework\spring-tx\6.0.6\spring-tx-6.0.6.jar;C:\Users\prash\.m2\repository\org\springframework\spring-beans\6.0.6\spring-beans-6.0.6.jar;C:\Users\prash\.m2\repository\jakarta\annotation\jakarta.annotation-api\2.1.1\jakarta.annotation-api-2.1.1.jar;C:\Users\prash\.m2\repository\org\slf4j\slf4j-api\2.0.6\slf4j-api-2.0.6.jar;C:\Users\prash\.m2\repository\org\springframework\spring-aspects\6.0.6\spring-aspects-6.0.6.jar;C:\Users\prash\.m2\repository\org\springframework\boot\spring-boot-starter-data-rest\3.0.4\spring-boot-starter-data-rest-3.0.4.jar;C:\Users\prash\.m2\repository\org\springframework\data\spring-data-rest-webmvc\4.0.3\spring-data-rest-webmvc-4.0.3.jar;C:\Users\prash\.m2\repository\org\springframework\data\spring-data-rest-core\4.0.3\spring-data-rest-core-4.0.3.jar;C:\Users\prash\.m2\repository\org\springframework\hateoas\spring-hateoas\2.0.2\spring-hateoas-2.0.2.jar;C:\Users\prash\.m2\repository\org\springframework\plugin\spring-plugin-core\3.0.0\spring-plugin-core-3.0.0.jar;C:\Users\prash\.m2\repository\org\atteo\evo-inflector\1.3\evo-inflector-1.3.jar;C:\Users\prash\.m2\repository\com\fasterxml\jackson\core\jackson-databind\2.14.2\jackson-databind-2.14.2.jar;C:\Users\prash\.m2\repository\com\fasterxml\jackson\core\jackson-core\2.14.2\jackson-core-2.14.2.jar;C:\Users\prash\.m2\repository\com\fasterxml\jackson\core\jackson-annotations\2.14.2\jackson-annotations-2.14.2.jar;C:\Users\prash\.m2\repository\org\springframework\boot\spring-boot-starter-web\3.0.4\spring-boot-starter-web-3.0.4.jar;C:\Users\prash\.m2\repository\org\springframework\boot\spring-boot-starter\3.0.4\spring-boot-starter-3.0.4.jar;C:\Users\prash\.m2\repository\org\springframework\boot\spring-boot-starter-logging\3.0.4\spring-boot-starter-logging-3.0.4.jar;C:\Users\prash\.m2\repository\ch\qos\logback\logback-classic\1.4.5\logback-classic-1.4.5.jar;C:\Users\prash\.m2\repository\ch\qos\logback\logback-core\1.4.5\logback-core-1.4.5.jar;C:\Users\prash\.m2\repository\org\apache\logging\log4j\log4j-to-slf4j\2.19.0\log4j-to-slf4j-2.19.0.jar;C:\Users\prash\.m2\repository\org\apache\logging\log4j\log4j-api\2.19.0\log4j-api-2.19.0.jar;C:\Users\prash\.m2\repository\org\slf4j\jul-to-slf4j\2.0.6\jul-to-slf4j-2.0.6.jar;C:\Users\prash\.m2\repository\org\yaml\snakeyaml\1.33\snakeyaml-1.33.jar;C:\Users\prash\.m2\repository\org\springframework\boot\spring-boot-starter-json\3.0.4\spring-boot-starter-json-3.0.4.jar;C:\Users\prash\.m2\repository\com\fasterxml\jackson\datatype\jackson-datatype-jdk8\2.14.2\jackson-datatype-jdk8-2.14.2.jar;C:\Users\prash\.m2\repository\com\fasterxml\jackson\datatype\jackson-datatype-jsr310\2.14.2\jackson-datatype-jsr310-2.14.2.jar;C:\Users\prash\.m2\repository\com\fasterxml\jackson\module\jackson-module-parameter-names\2.14.2\jackson-module-parameter-names-2.14.2.jar;C:\Users\prash\.m2\repository\org\springframework\boot\spring-boot-starter-tomcat\3.0.4\spring-boot-starter-tomcat-3.0.4.jar;C:\Users\prash\.m2\repository\org\apache\tomcat\embed\tomcat-embed-core\10.1.5\tomcat-embed-core-10.1.5.jar;C:\Users\prash\.m2\repository\org\apache\tomcat\embed\tomcat-embed-el\10.1.5\tomcat-embed-el-10.1.5.jar;C:\Users\prash\.m2\repository\org\apache\tomcat\embed\tomcat-embed-websocket\10.1.5\tomcat-embed-websocket-10.1.5.jar;C:\Users\prash\.m2\repository\org\springframework\spring-web\6.0.6\spring-web-6.0.6.jar;C:\Users\prash\.m2\repository\io\micrometer\micrometer-observation\1.10.4\micrometer-observation-1.10.4.jar;C:\Users\prash\.m2\repository\io\micrometer\micrometer-commons\1.10.4\micrometer-commons-1.10.4.jar;C:\Users\prash\.m2\repository\org\springframework\spring-webmvc\6.0.6\spring-webmvc-6.0.6.jar;C:\Users\prash\.m2\repository\org\springframework\spring-expression\6.0.6\spring-expression-6.0.6.jar;C:\Users\prash\.m2\repository\org\springframework\boot\spring-boot-devtools\3.0.4\spring-boot-devtools-3.0.4.jar;C:\Users\prash\.m2\repository\org\springframework\boot\spring-boot\3.0.4\spring-boot-3.0.4.jar;C:\Users\prash\.m2\repository\org\springframework\boot\spring-boot-autoconfigure\3.0.4\spring-boot-autoconfigure-3.0.4.jar;C:\Users\prash\.m2\repository\org\springframework\boot\spring-boot-starter-aop\3.0.4\spring-boot-starter-aop-3.0.4.jar;C:\Users\prash\.m2\repository\org\springframework\spring-aop\6.0.6\spring-aop-6.0.6.jar;C:\Users\prash\.m2\repository\org\aspectj\aspectjweaver\1.9.19\aspectjweaver-1.9.19.jar;C:\Users\prash\.m2\repository\org\postgresql\postgresql\42.5.4\postgresql-42.5.4.jar;C:\Users\prash\.m2\repository\org\checkerframework\checker-qual\3.5.0\checker-qual-3.5.0.jar;C:\Users\prash\.m2\repository\org\projectlombok\lombok\1.18.26\lombok-1.18.26.jar;C:\Users\prash\.m2\repository\com\jayway\jsonpath\json-path\2.7.0\json-path-2.7.0.jar;C:\Users\prash\.m2\repository\net\minidev\json-smart\2.4.8\json-smart-2.4.8.jar;C:\Users\prash\.m2\repository\net\minidev\accessors-smart\2.4.8\accessors-smart-2.4.8.jar;C:\Users\prash\.m2\repository\org\ow2\asm\asm\9.1\asm-9.1.jar;C:\Users\prash\.m2\repository\jakarta\xml\bind\jakarta.xml.bind-api\4.0.0\jakarta.xml.bind-api-4.0.0.jar;C:\Users\prash\.m2\repository\jakarta\activation\jakarta.activation-api\2.1.1\jakarta.activation-api-2.1.1.jar;C:\Users\prash\.m2\repository\org\springframework\spring-core\6.0.6\spring-core-6.0.6.jar;C:\Users\prash\.m2\repository\org\springframework\spring-jcl\6.0.6\spring-jcl-6.0.6.jar;C:\Users\prash\.m2\repository\org\springframework\boot\spring-boot-starter-cache\3.0.4\spring-boot-starter-cache-3.0.4.jar;C:\Users\prash\.m2\repository\org\springframework\spring-context-support\6.0.6\spring-context-support-6.0.6.jar;C:\Users\prash\.m2\repository\org\springframework\boot\spring-boot-starter-data-redis\3.0.4\spring-boot-starter-data-redis-3.0.4.jar;C:\Users\prash\.m2\repository\org\springframework\data\spring-data-redis\3.0.3\spring-data-redis-3.0.3.jar;C:\Users\prash\.m2\repository\org\springframework\data\spring-data-keyvalue\3.0.3\spring-data-keyvalue-3.0.3.jar;C:\Users\prash\.m2\repository\org\springframework\spring-oxm\6.0.6\spring-oxm-6.0.6.jar;C:\Users\prash\.m2\repository\io\lettuce\lettuce-core\6.2.3.RELEASE\lettuce-core-6.2.3.RELEASE.jar;C:\Users\prash\.m2\repository\io\netty\netty-common\4.1.89.Final\netty-common-4.1.89.Final.jar;C:\Users\prash\.m2\repository\io\netty\netty-handler\4.1.89.Final\netty-handler-4.1.89.Final.jar;C:\Users\prash\.m2\repository\io\netty\netty-resolver\4.1.89.Final\netty-resolver-4.1.89.Final.jar;C:\Users\prash\.m2\repository\io\netty\netty-buffer\4.1.89.Final\netty-buffer-4.1.89.Final.jar;C:\Users\prash\.m2\repository\io\netty\netty-transport-native-unix-common\4.1.89.Final\netty-transport-native-unix-common-4.1.89.Final.jar;C:\Users\prash\.m2\repository\io\netty\netty-codec\4.1.89.Final\netty-codec-4.1.89.Final.jar;C:\Users\prash\.m2\repository\io\netty\netty-transport\4.1.89.Final\netty-transport-4.1.89.Final.jar;C:\Users\prash\.m2\repository\io\projectreactor\reactor-core\3.5.3\reactor-core-3.5.3.jar;C:\Users\prash\.m2\repository\org\reactivestreams\reactive-streams\1.0.4\reactive-streams-1.0.4.jar
Launcher Type: SUN_STANDARD

[Global flags]
     intx CICompilerCount                          = 4                                         {product} {ergonomic}
     uint ConcGCThreads                            = 2                                         {product} {ergonomic}
     uint G1ConcRefinementThreads                  = 8                                         {product} {ergonomic}
   size_t G1HeapRegionSize                         = 2097152                                   {product} {ergonomic}
    uintx GCDrainStackTargetSize                   = 64                                        {product} {ergonomic}
   size_t InitialHeapSize                          = 199229440                                 {product} {ergonomic}
   size_t MarkStackSize                            = 4194304                                   {product} {ergonomic}
   size_t MaxHeapSize                              = 3187671040                                {product} {ergonomic}
   size_t MaxNewSize                               = 1912602624                                {product} {ergonomic}
   size_t MinHeapDeltaBytes                        = 2097152                                   {product} {ergonomic}
   size_t MinHeapSize                              = 8388608                                   {product} {ergonomic}
    uintx NonNMethodCodeHeapSize                   = 5839372                                {pd product} {ergonomic}
    uintx NonProfiledCodeHeapSize                  = 122909434                              {pd product} {ergonomic}
    uintx ProfiledCodeHeapSize                     = 122909434                              {pd product} {ergonomic}
    uintx ReservedCodeCacheSize                    = 251658240                              {pd product} {ergonomic}
     bool SegmentedCodeCache                       = true                                      {product} {ergonomic}
     bool ShowCodeDetailsInExceptionMessages       = true                                   {manageable} {command line}
   size_t SoftMaxHeapSize                          = 3187671040                             {manageable} {ergonomic}
     bool UseCompressedClassPointers               = true                           {product lp64_product} {ergonomic}
     bool UseCompressedOops                        = true                           {product lp64_product} {ergonomic}
     bool UseG1GC                                  = true                                      {product} {ergonomic}
     bool UseLargePagesIndividualAllocation        = false                                  {pd product} {ergonomic}

Logging:
Log output configuration:
 #0: stdout all=warning uptime,level,tags foldmultilines=false
 #1: stderr all=off uptime,level,tags foldmultilines=false

Environment Variables:
PATH=C:/Users/prash/.p2/pool/plugins/org.eclipse.justj.openjdk.hotspot.jre.full.win32.x86_64_19.0.2.v20230129-1123/jre/bin/server;C:/Users/prash/.p2/pool/plugins/org.eclipse.justj.openjdk.hotspot.jre.full.win32.x86_64_19.0.2.v20230129-1123/jre/bin;C:\Program Files\Common Files\Oracle\Java\javapath;C:\Windows\system32;C:\Windows;C:\Windows\System32\Wbem;C:\Windows\System32\WindowsPowerShell\v1.0\;C:\Windows\System32\OpenSSH\;C:\Program Files\PostgreSQL\15\bin;C:\Program Files\Git\cmd;C:\PROGRA~1\Red Gate\Flyway Desktop\;C:\Program Files\MySQL\MySQL Shell 8.0\bin\;C:\Users\prash\AppData\Local\Microsoft\WindowsApps;;C:\Users\prash\AppData\Local\Programs\Microsoft VS Code\bin;C:\Program Files\JetBrains\IntelliJ IDEA 2022.3.2\bin;;C:\Windows\System32;
USERNAME=prash
OS=Windows_NT
PROCESSOR_IDENTIFIER=Intel64 Family 6 Model 142 Stepping 10, GenuineIntel
TMP=C:\Users\prash\AppData\Local\Temp
TEMP=C:\Users\prash\AppData\Local\Temp



---------------  S Y S T E M  ---------------

OS:
 Windows 11 , 64 bit Build 22621 (10.0.22621.1344)
OS uptime: 1 days 9:54 hours
Hyper-V role detected

CPU: total 8 (initial active 8) (4 cores per cpu, 2 threads per core) family 6 model 142 stepping 10 microcode 0xea, cx8, cmov, fxsr, ht, mmx, 3dnowpref, sse, sse2, sse3, ssse3, sse4.1, sse4.2, popcnt, lzcnt, tsc, tscinvbit, avx, avx2, aes, erms, clmul, bmi1, bmi2, adx, fma, vzeroupper, clflush, clflushopt, hv, rdtscp

Memory: 4k page, system-wide physical 12154M (5366M free)
TotalPageFile size 12922M (AvailPageFile size 5286M)
current process WorkingSet (physical memory assigned to process): 201M, peak: 201M
current process commit charge ("private bytes"): 241M, peak: 304M

vm_info: OpenJDK 64-Bit Server VM (19.0.2+7) for windows-amd64 JRE (19.0.2+7), built on 2023-01-17T00:00:00Z by "temurin" with MS VC++ 16.7 (VS2019)

END.
