#
# A fatal error has been detected by the Java Runtime Environment:
#
#  EXCEPTION_ACCESS_VIOLATION (0xc0000005) at pc=0x00007ffba540ed05, pid=15572, tid=13972
#
# JRE version: OpenJDK Runtime Environment Temurin-19.0.2+7 (19.0.2+7) (build 19.0.2+7)
# Java VM: OpenJDK 64-Bit Server VM Temurin-19.0.2+7 (19.0.2+7, mixed mode, tiered, compressed oops, compressed class ptrs, g1 gc, windows-amd64)
# Problematic frame:
# V  [jvm.dll+0x73ed05]
#
# No core dump will be written. Minidumps are not enabled by default on client versions of Windows
#
# If you would like to submit a bug report, please visit:
#   https://github.com/adoptium/adoptium-support/issues
#

---------------  S U M M A R Y ------------

Command Line: -Dfile.encoding=UTF-8 -XX:+ShowCodeDetailsInExceptionMessages com.example.demo.DemoApplication

Host: Intel(R) Core(TM) i5-8250U CPU @ 1.60GHz, 8 cores, 11G,  Windows 11 , 64 bit Build 22621 (10.0.22621.1344)
Time: Wed Mar 22 22:06:12 2023 India Standard Time elapsed time: 10.136471 seconds (0d 0h 0m 10s)

---------------  T H R E A D  ---------------

Current thread (0x000002de161389d0):  JavaThread "Service Thread" daemon [_thread_in_vm, id=13972, stack(0x000000edb0f00000,0x000000edb1000000)]

Stack: [0x000000edb0f00000,0x000000edb1000000],  sp=0x000000edb0fff790,  free space=1021k
Native frames: (J=compiled Java code, j=interpreted, Vv=VM code, C=native code)
V  [jvm.dll+0x73ed05]
V  [jvm.dll+0x73eb8c]
V  [jvm.dll+0x73e847]
V  [jvm.dll+0x73e497]
V  [jvm.dll+0x74cc3a]
V  [jvm.dll+0x85403d]
V  [jvm.dll+0x84de3a]
V  [jvm.dll+0x6e8abb]
C  [ucrtbase.dll+0x29363]
C  [KERNEL32.DLL+0x126bd]
C  [ntdll.dll+0x5a9f8]


siginfo: EXCEPTION_ACCESS_VIOLATION (0xc0000005), reading address 0xffffffffffffffff


Registers:
RAX=0x000002de1430f7d0, RBX=0x000002de19a98190, RCX=0x000002de1431f818, RDX=0x2f00b62e122d0002
RSP=0x000000edb0fff790, RBP=0x000002de7fcf5b20, RSI=0x0000000000000000, RDI=0x000002de1431f818
R8 =0x000000000000284c, R9 =0x000000008bf0b08b, R10=0x0000000000003e70, R11=0x000000edb0fff6f0
R12=0x000002de161389d0, R13=0x0000000000000fce, R14=0x000002de1c1a5c30, R15=0x000002de1a001950
RIP=0x00007ffba540ed05, EFLAGS=0x0000000000010206


Register to memory mapping:

RIP=0x00007ffba540ed05 jvm.dll
RAX=0x000002de1430f7d0 is pointing into metadata
RBX=0x000002de19a98190 points into unknown readable memory: 0x000002de183c84c0 | c0 84 3c 18 de 02 00 00
RCX={method} {0x000002de1431f820} 
[error occurred during error reporting (printing register info), id 0xc0000005, EXCEPTION_ACCESS_VIOLATION (0xc0000005) at pc=0x00007ffba536cd73]

Top of Stack: (sp=0x000000edb0fff790)
0x000000edb0fff790:   000002de1a76a378 000002de00000000
0x000000edb0fff7a0:   000002de1a76a370 000002de75589d30
0x000000edb0fff7b0:   000002de19a98190 00007ffba540eb8c
0x000000edb0fff7c0:   000002de19a98190 0000000000000000
0x000000edb0fff7d0:   000002de1712fc30 0000000000000000
0x000000edb0fff7e0:   000002de1883a0a0 0000000000007e70
0x000000edb0fff7f0:   0000000000003e70 0000000000000000
0x000000edb0fff800:   0000000000000000 0000000000000018
0x000000edb0fff810:   0000000000000000 000002de161389d0
0x000000edb0fff820:   0000000000000001 0000000000000000
0x000000edb0fff830:   000000edb0fff899 00007ffba540e847
0x000000edb0fff840:   000000000000000b 0000000000000001
0x000000edb0fff850:   00000000000007ce 0000000000000800
0x000000edb0fff860:   000002de161389d0 00007ffba5586315
0x000000edb0fff870:   000002de7fcf5b20 0000000000000001
0x000000edb0fff880:   000000000000000b 0000000000000001 

Instructions: (pc=0x00007ffba540ed05)
0x00007ffba540ec05:   48 8b 45 48 49 3b c4 74 09 4c 89 65 48 e8 b9 10
0x00007ffba540ec15:   c5 ff 48 85 f6 74 40 48 8b 15 15 5d 4e 00 48 8d
0x00007ffba540ec25:   4e 08 e8 74 78 17 00 48 8b ce e8 0c db 97 ff 48
0x00007ffba540ec35:   c7 c0 ff ff ff ff f0 48 0f c1 05 e4 5c 4e 00 48
0x00007ffba540ec45:   83 3d a4 5d 4e 00 00 74 0c 48 8d 0d db ad 2f 00
0x00007ffba540ec55:   e8 d6 ef ff ff 33 f6 48 85 ff 0f 85 db fe ff ff
0x00007ffba540ec65:   4c 8b 84 24 90 00 00 00 4c 8b 4c 24 28 4c 8b 54
0x00007ffba540ec75:   24 30 48 8b 45 10 49 ff c0 4c 89 84 24 90 00 00
0x00007ffba540ec85:   00 48 8b 08 49 8b 04 0a 48 83 e0 fc 49 89 04 0a
0x00007ffba540ec95:   48 8b 45 10 48 8b 08 49 8b 04 09 48 83 e0 fc 49
0x00007ffba540eca5:   89 04 09 4c 3b 84 24 98 00 00 00 0f 82 ba fd ff
0x00007ffba540ecb5:   ff 4c 8b 7c 24 40 4c 8b 74 24 48 4c 8b 6c 24 50
0x00007ffba540ecc5:   48 8b 7c 24 58 48 8b 74 24 60 48 8b 9c 24 80 00
0x00007ffba540ecd5:   00 00 48 83 c4 68 41 5c 5d c3 cc 48 8b 05 41 5c
0x00007ffba540ece5:   4e 00 c3 cc cc cc cc cc cc cc cc 48 89 5c 24 08
0x00007ffba540ecf5:   57 48 83 ec 20 48 8b 41 08 48 8b f9 48 8b 50 08
0x00007ffba540ed05:   48 8b 42 18 48 8b 98 98 00 00 00 48 c1 eb 03 e8
0x00007ffba540ed15:   37 be f5 ff 8b 10 0f b6 48 07 44 0f b6 40 06 41
0x00007ffba540ed25:   c1 e0 08 44 0b c1 c1 ea 10 0f b7 48 04 48 c1 e8
0x00007ffba540ed35:   03 c1 e1 08 44 33 c1 44 33 c0 6b c3 1f 48 8b 5c
0x00007ffba540ed45:   24 30 41 c1 e0 10 44 0b c2 44 33 c0 48 8b 47 08
0x00007ffba540ed55:   0f b7 48 22 48 8b 40 08 48 8b 54 c8 48 8b 0a 0f
0x00007ffba540ed65:   b6 42 07 44 0f b6 4a 06 41 c1 e1 08 44 0b c8 c1
0x00007ffba540ed75:   e9 10 0f b7 42 04 c1 e0 08 44 33 c8 48 c1 ea 03
0x00007ffba540ed85:   44 33 ca 41 6b c0 1f 41 c1 e1 10 44 0b c9 44 33
0x00007ffba540ed95:   c8 48 8b 47 08 0f b7 48 24 48 8b 40 08 48 8b 54
0x00007ffba540eda5:   c8 48 8b 0a 0f b6 42 07 44 0f b6 42 06 c1 e9 10
0x00007ffba540edb5:   41 c1 e0 08 44 0b c0 0f b7 42 04 c1 e0 08 41 33
0x00007ffba540edc5:   c0 48 c1 ea 03 33 c2 c1 e0 10 0b c1 41 6b c9 1f
0x00007ffba540edd5:   33 c1 48 83 c4 20 5f c3 cc cc cc 40 53 56 41 56
0x00007ffba540ede5:   48 83 ec 30 65 48 8b 04 25 58 00 00 00 8b 0d d0
0x00007ffba540edf5:   b2 50 00 48 8b 1c c8 b8 68 00 00 00 80 3c 18 00 


Stack slot to memory mapping:
stack at sp + 0 slots: 0x000002de1a76a378 points into unknown readable memory: 0x000002de189047d8 | d8 47 90 18 de 02 00 00
stack at sp + 1 slots: 0x000002de00000000 points into unknown readable memory: 0x0000000000000036 | 36 00 00 00 00 00 00 00
stack at sp + 2 slots: 0x000002de1a76a370 points into unknown readable memory: 0x0000000000000000 | 00 00 00 00 00 00 00 00
stack at sp + 3 slots: 0x000002de75589d30 points into unknown readable memory: 0x000002de7fbb4c50 | 50 4c bb 7f de 02 00 00
stack at sp + 4 slots: 0x000002de19a98190 points into unknown readable memory: 0x000002de183c84c0 | c0 84 3c 18 de 02 00 00
stack at sp + 5 slots: 0x00007ffba540eb8c jvm.dll
stack at sp + 6 slots: 0x000002de19a98190 points into unknown readable memory: 0x000002de183c84c0 | c0 84 3c 18 de 02 00 00
stack at sp + 7 slots: 0x0 is NULL


---------------  P R O C E S S  ---------------

Threads class SMR info:
_java_thread_list=0x000002de19238c50, length=22, elements={
0x000002de7349e0b0, 0x000002de16157430, 0x000002de16157970, 0x000002de16137940,
0x000002de16137e80, 0x000002de161389d0, 0x000002de16141110, 0x000002de16144b50,
0x000002de1615e2f0, 0x000002de16162880, 0x000002de162cbd90, 0x000002de162d9d90,
0x000002de16a50030, 0x000002de16a51230, 0x000002de172d2810, 0x000002de1751f1d0,
0x000002de1751c750, 0x000002de1751e1e0, 0x000002de1751f720, 0x000002de17ab2fd0,
0x000002de17aafab0, 0x000002de172d1760
}

Java Threads: ( => current thread )
  0x000002de7349e0b0 JavaThread "main" [_thread_blocked, id=7548, stack(0x000000edb0400000,0x000000edb0500000)]
  0x000002de16157430 JavaThread "Reference Handler" daemon [_thread_blocked, id=15812, stack(0x000000edb0b00000,0x000000edb0c00000)]
  0x000002de16157970 JavaThread "Finalizer" daemon [_thread_blocked, id=13884, stack(0x000000edb0c00000,0x000000edb0d00000)]
  0x000002de16137940 JavaThread "Signal Dispatcher" daemon [_thread_blocked, id=16272, stack(0x000000edb0d00000,0x000000edb0e00000)]
  0x000002de16137e80 JavaThread "Attach Listener" daemon [_thread_blocked, id=14420, stack(0x000000edb0e00000,0x000000edb0f00000)]
=>0x000002de161389d0 JavaThread "Service Thread" daemon [_thread_in_vm, id=13972, stack(0x000000edb0f00000,0x000000edb1000000)]
  0x000002de16141110 JavaThread "Monitor Deflation Thread" daemon [_thread_blocked, id=15928, stack(0x000000edb1000000,0x000000edb1100000)]
  0x000002de16144b50 JavaThread "C2 CompilerThread0" daemon [_thread_in_native, id=16192, stack(0x000000edb1100000,0x000000edb1200000)]
  0x000002de1615e2f0 JavaThread "C1 CompilerThread0" daemon [_thread_blocked, id=7848, stack(0x000000edb1200000,0x000000edb1300000)]
  0x000002de16162880 JavaThread "Sweeper thread" daemon [_thread_blocked, id=6080, stack(0x000000edb1300000,0x000000edb1400000)]
  0x000002de162cbd90 JavaThread "Notification Thread" daemon [_thread_blocked, id=14204, stack(0x000000edb1400000,0x000000edb1500000)]
  0x000002de162d9d90 JavaThread "Common-Cleaner" daemon [_thread_blocked, id=16332, stack(0x000000edb1600000,0x000000edb1700000)]
  0x000002de16a50030 JavaThread "Thread-0" [_thread_blocked, id=13028, stack(0x000000edb1900000,0x000000edb1a00000)]
  0x000002de16a51230 JavaThread "restartedMain" [_thread_blocked, id=13908, stack(0x000000edb1a00000,0x000000edb1b00000)]
  0x000002de172d2810 JavaThread "C2 CompilerThread1" daemon [_thread_in_native, id=15044, stack(0x000000edb1700000,0x000000edb1800000)]
  0x000002de1751f1d0 JavaThread "Catalina-utility-1" [_thread_blocked, id=5000, stack(0x000000edb2000000,0x000000edb2100000)]
  0x000002de1751c750 JavaThread "Catalina-utility-2" [_thread_blocked, id=12168, stack(0x000000edb2400000,0x000000edb2500000)]
  0x000002de1751e1e0 JavaThread "container-0" [_thread_blocked, id=15836, stack(0x000000edb2500000,0x000000edb2600000)]
  0x000002de1751f720 JavaThread "lettuce-timer-3-1" daemon [_thread_blocked, id=14196, stack(0x000000edb2600000,0x000000edb2700000)]
  0x000002de17ab2fd0 JavaThread "HikariPool-1 housekeeper" daemon [_thread_blocked, id=6872, stack(0x000000edb2700000,0x000000edb2800000)]
  0x000002de17aafab0 JavaThread "HikariPool-1 connection adder" daemon [_thread_blocked, id=15340, stack(0x000000edb2800000,0x000000edb2900000)]
  0x000002de172d1760 JavaThread "C2 CompilerThread2" daemon [_thread_blocked, id=15780, stack(0x000000edb2900000,0x000000edb2a00000)]

Other Threads:
  0x000002de7fd6ffc0 VMThread "VM Thread" [stack: 0x000000edb0a00000,0x000000edb0b00000] [id=13100] _threads_hazard_ptr=0x000002de19238c50
  0x000002de162453b0 WatcherThread "VM Periodic Task Thread" [stack: 0x000000edb1500000,0x000000edb1600000] [id=13932]
  0x000002de755e94c0 WorkerThread "GC Thread#0" [stack: 0x000000edb0500000,0x000000edb0600000] [id=12684]
  0x000002de170a7370 WorkerThread "GC Thread#1" [stack: 0x000000edb1b00000,0x000000edb1c00000] [id=7912]
  0x000002de164fe360 WorkerThread "GC Thread#2" [stack: 0x000000edb1c00000,0x000000edb1d00000] [id=11068]
  0x000002de164fe630 WorkerThread "GC Thread#3" [stack: 0x000000edb1d00000,0x000000edb1e00000] [id=7036]
  0x000002de164fe900 WorkerThread "GC Thread#4" [stack: 0x000000edb1e00000,0x000000edb1f00000] [id=15096]
  0x000002de164febd0 WorkerThread "GC Thread#5" [stack: 0x000000edb1f00000,0x000000edb2000000] [id=15768]
  0x000002de17217cc0 WorkerThread "GC Thread#6" [stack: 0x000000edb2100000,0x000000edb2200000] [id=8804]
  0x000002de17218800 WorkerThread "GC Thread#7" [stack: 0x000000edb2200000,0x000000edb2300000] [id=3972]
  0x000002de755f6cc0 ConcurrentGCThread "G1 Main Marker" [stack: 0x000000edb0600000,0x000000edb0700000] [id=6188]
  0x000002de755f76f0 WorkerThread "G1 Conc#0" [stack: 0x000000edb0700000,0x000000edb0800000] [id=15984]
  0x000002de17217f90 WorkerThread "G1 Conc#1" [stack: 0x000000edb2300000,0x000000edb2400000] [id=12812]
  0x000002de7563e3a0 ConcurrentGCThread "G1 Refine#0" [stack: 0x000000edb0800000,0x000000edb0900000] [id=13812]
  0x000002de7fbca110 ConcurrentGCThread "G1 Service" [stack: 0x000000edb0900000,0x000000edb0a00000] [id=13384]

Threads with active compile tasks:
C2 CompilerThread0    10193 5877   !   4       org.springframework.util.ReflectionUtils::doWithMethods (186 bytes)
C2 CompilerThread1    10193 5865   !   4       org.springframework.beans.factory.support.DefaultListableBeanFactory::doGetBeanNamesForType (505 bytes)
C2 CompilerThread2    10193 5897   !   4       org.springframework.util.ReflectionUtils::getDeclaredMethods (183 bytes)

VM state: synchronizing (normal execution)

VM Mutex/Monitor currently owned by a thread:  ([mutex/lock_event])
[0x000002de73497e90] Threads_lock - owner thread: 0x000002de7fd6ffc0
[0x000002de73497fb0] Heap_lock - owner thread: 0x000002de755f6cc0

Heap address: 0x0000000742000000, size: 3040 MB, Compressed Oops mode: Zero based, Oop shift amount: 3

CDS archive(s) not mapped
Compressed class space mapped at: 0x0000000800000000-0x0000000840000000, reserved size: 1073741824
Narrow klass base: 0x0000000800000000, Narrow klass shift: 0, Narrow klass range: 0x40000000

GC Precious Log:
 CardTable entry size: 512
 Card Set container configuration: InlinePtr #cards 4 size 8 Array Of Cards #cards 16 size 48 Howl #buckets 8 coarsen threshold 3686 Howl Bitmap #cards 512 size 80 coarsen threshold 460 Card regions per heap region 1 cards per card region 4096
 CPUs: 8 total, 8 available
 Memory: 12154M
 Large Page Support: Disabled
 NUMA Support: Disabled
 Compressed Oops: Enabled (Zero based)
 Heap Region Size: 2M
 Heap Min Capacity: 8M
 Heap Initial Capacity: 190M
 Heap Max Capacity: 3040M
 Pre-touch: Disabled
 Parallel Workers: 8
 Concurrent Workers: 2
 Concurrent Refinement Workers: 8
 Periodic GC: Disabled

Heap:
 garbage-first heap   total 55296K, used 28340K [0x0000000742000000, 0x0000000800000000)
  region size 2048K, 3 young (6144K), 2 survivors (4096K)
 Metaspace       used 72159K, committed 72832K, reserved 1114112K
  class space    used 9164K, committed 9472K, reserved 1048576K

Heap Regions: E=young(eden), S=young(survivor), O=old, HS=humongous(starts), HC=humongous(continues), CS=collection set, F=free, OA=open archive, CA=closed archive, TAMS=top-at-mark-start (previous, next)
|   0|0x0000000742000000, 0x0000000742200000, 0x0000000742200000|100%| O|  |TAMS 0x0000000742200000, 0x0000000742200000| Untracked 
|   1|0x0000000742200000, 0x0000000742400000, 0x0000000742400000|100%| O|  |TAMS 0x0000000742400000, 0x0000000742400000| Untracked 
|   2|0x0000000742400000, 0x0000000742600000, 0x0000000742600000|100%| O|  |TAMS 0x0000000742600000, 0x0000000742600000| Untracked 
|   3|0x0000000742600000, 0x0000000742800000, 0x0000000742800000|100%| O|  |TAMS 0x0000000742800000, 0x0000000742800000| Untracked 
|   4|0x0000000742800000, 0x0000000742a00000, 0x0000000742a00000|100%| O|  |TAMS 0x0000000742a00000, 0x0000000742a00000| Untracked 
|   5|0x0000000742a00000, 0x0000000742c00000, 0x0000000742c00000|100%| O|  |TAMS 0x0000000742c00000, 0x0000000742c00000| Untracked 
|   6|0x0000000742c00000, 0x0000000742e00000, 0x0000000742e00000|100%| O|  |TAMS 0x0000000742e00000, 0x0000000742e00000| Untracked 
|   7|0x0000000742e00000, 0x0000000743000000, 0x0000000743000000|100%| O|  |TAMS 0x0000000743000000, 0x0000000743000000| Untracked 
|   8|0x0000000743000000, 0x0000000743200000, 0x0000000743200000|100%| O|  |TAMS 0x0000000743200000, 0x0000000743200000| Untracked 
|   9|0x0000000743200000, 0x0000000743400000, 0x0000000743400000|100%| O|  |TAMS 0x0000000743400000, 0x0000000743400000| Untracked 
|  10|0x0000000743400000, 0x0000000743600000, 0x0000000743600000|100%| O|  |TAMS 0x0000000743600000, 0x0000000743600000| Untracked 
|  11|0x0000000743600000, 0x0000000743800000, 0x0000000743800000|100%| O|  |TAMS 0x000000074373cc00, 0x0000000743800000| Untracked 
|  12|0x0000000743800000, 0x00000007438b4e00, 0x0000000743a00000| 35%| O|  |TAMS 0x0000000743800000, 0x00000007438b4e00| Untracked 
|  13|0x0000000743a00000, 0x0000000743a00000, 0x0000000743c00000|  0%| F|  |TAMS 0x0000000743a00000, 0x0000000743a00000| Untracked 
|  14|0x0000000743c00000, 0x0000000743c00000, 0x0000000743e00000|  0%| F|  |TAMS 0x0000000743c00000, 0x0000000743c00000| Untracked 
|  15|0x0000000743e00000, 0x0000000743e00000, 0x0000000744000000|  0%| F|  |TAMS 0x0000000743e00000, 0x0000000743e00000| Untracked 
|  16|0x0000000744000000, 0x00000007440f82f8, 0x0000000744200000| 48%| S|CS|TAMS 0x0000000744000000, 0x0000000744000000| Complete 
|  17|0x0000000744200000, 0x0000000744400000, 0x0000000744400000|100%| S|CS|TAMS 0x0000000744200000, 0x0000000744200000| Complete 
|  18|0x0000000744400000, 0x0000000744400000, 0x0000000744600000|  0%| F|  |TAMS 0x0000000744400000, 0x0000000744400000| Untracked 
|  19|0x0000000744600000, 0x0000000744600000, 0x0000000744800000|  0%| F|  |TAMS 0x0000000744600000, 0x0000000744600000| Untracked 
|  20|0x0000000744800000, 0x0000000744800000, 0x0000000744a00000|  0%| F|  |TAMS 0x0000000744800000, 0x0000000744800000| Untracked 
|  21|0x0000000744a00000, 0x0000000744a00000, 0x0000000744c00000|  0%| F|  |TAMS 0x0000000744a00000, 0x0000000744a00000| Untracked 
|  22|0x0000000744c00000, 0x0000000744c00000, 0x0000000744e00000|  0%| F|  |TAMS 0x0000000744c00000, 0x0000000744c00000| Untracked 
|  23|0x0000000744e00000, 0x0000000744e00000, 0x0000000745000000|  0%| F|  |TAMS 0x0000000744e00000, 0x0000000744e00000| Untracked 
|  92|0x000000074d800000, 0x000000074d800000, 0x000000074da00000|  0%| F|  |TAMS 0x000000074d800000, 0x000000074d800000| Untracked 
|  93|0x000000074da00000, 0x000000074da00000, 0x000000074dc00000|  0%| F|  |TAMS 0x000000074da00000, 0x000000074da00000| Untracked 
|  94|0x000000074dc00000, 0x000000074dc9eb08, 0x000000074de00000| 30%| E|  |TAMS 0x000000074dc00000, 0x000000074dc00000| Complete 

Card table byte_map: [0x000002de797b0000,0x000002de79da0000] _byte_map_base: 0x000002de75da0000

Marking Bits (Prev, Next): (CMBitMap*) 0x000002de755e9b30, (CMBitMap*) 0x000002de755e9af0
 Prev Bits: [0x000002de0f000000, 0x000002de11f80000)
 Next Bits: [0x000002de7a390000, 0x000002de7d310000)

Polling page: 0x000002de734a0000

Metaspace:

Usage:
  Non-class:     61.52 MB used.
      Class:      8.95 MB used.
       Both:     70.47 MB used.

Virtual space:
  Non-class space:       64.00 MB reserved,      61.88 MB ( 97%) committed,  1 nodes.
      Class space:        1.00 GB reserved,       9.25 MB ( <1%) committed,  1 nodes.
             Both:        1.06 GB reserved,      71.12 MB (  7%) committed. 

Chunk freelists:
   Non-Class:  1.83 MB
       Class:  2.79 MB
        Both:  4.61 MB

MaxMetaspaceSize: unlimited
CompressedClassSpaceSize: 1.00 GB
Initial GC threshold: 21.00 MB
Current GC threshold: 114.06 MB
CDS: off
MetaspaceReclaimPolicy: balanced
 - commit_granule_bytes: 65536.
 - commit_granule_words: 8192.
 - virtual_space_node_default_size: 8388608.
 - enlarge_chunks_in_place: 1.
 - new_chunks_are_fully_committed: 0.
 - uncommit_free_chunks: 1.
 - use_allocation_guard: 0.


Internal statistics:

num_allocs_failed_limit: 12.
num_arena_births: 950.
num_arena_deaths: 0.
num_vsnodes_births: 2.
num_vsnodes_deaths: 0.
num_space_committed: 1138.
num_space_uncommitted: 0.
num_chunks_returned_to_freelist: 12.
num_chunks_taken_from_freelist: 3218.
num_chunk_merges: 9.
num_chunk_splits: 2324.
num_chunks_enlarged: 1875.
num_inconsistent_stats: 0.

CodeHeap 'non-profiled nmethods': size=120000Kb used=3488Kb max_used=3488Kb free=116511Kb
 bounds [0x000002de07ad0000, 0x000002de07e40000, 0x000002de0f000000]
CodeHeap 'profiled nmethods': size=120000Kb used=9915Kb max_used=9915Kb free=110084Kb
 bounds [0x000002de00000000, 0x000002de009c0000, 0x000002de07530000]
CodeHeap 'non-nmethods': size=5760Kb used=1424Kb max_used=1524Kb free=4335Kb
 bounds [0x000002de07530000, 0x000002de077a0000, 0x000002de07ad0000]
 total_blobs=5782 nmethods=5106 adapters=584
 compilation: enabled
              stopped_count=0, restarted_count=0
 full_count=0

Compilation events (20 events):
Event: 9.951 Thread 0x000002de1615e2f0 nmethod 5925 0x000002de009a9f10 code [0x000002de009aa0c0, 0x000002de009aa258]
Event: 9.951 Thread 0x000002de1615e2f0 5926       3       java.lang.invoke.InvokerBytecodeGenerator::generateCustomizedCodeBytes (44 bytes)
Event: 9.952 Thread 0x000002de1615e2f0 nmethod 5926 0x000002de009aa390 code [0x000002de009aa5a0, 0x000002de009aa9d8]
Event: 9.952 Thread 0x000002de1615e2f0 5927       3       java.lang.invoke.InvokerBytecodeGenerator::loadMethod (36 bytes)
Event: 9.952 Thread 0x000002de1615e2f0 nmethod 5927 0x000002de009aac10 code [0x000002de009aae00, 0x000002de009ab108]
Event: 10.027 Thread 0x000002de1615e2f0 5928       3       org.springframework.core.ResolvableType::forMethodParameter (9 bytes)
Event: 10.028 Thread 0x000002de1615e2f0 nmethod 5928 0x000002de009ab310 code [0x000002de009ab4e0, 0x000002de009ab878]
Event: 10.028 Thread 0x000002de1615e2f0 5929       3       org.springframework.core.ResolvableType::forMethodParameter (17 bytes)
Event: 10.028 Thread 0x000002de1615e2f0 nmethod 5929 0x000002de009aba10 code [0x000002de009abbe0, 0x000002de009abf18]
Event: 10.029 Thread 0x000002de1615e2f0 5930       3       jdk.internal.reflect.MethodHandleAccessorFactory::specializedMethodType (216 bytes)
Event: 10.031 Thread 0x000002de1615e2f0 nmethod 5930 0x000002de009ac090 code [0x000002de009ac440, 0x000002de009ae338]
Event: 10.059 Thread 0x000002de1615e2f0 5931       3       java.lang.invoke.LambdaForm$MH/0x0000000800464000::invoke (42 bytes)
Event: 10.060 Thread 0x000002de1615e2f0 nmethod 5931 0x000002de009ae810 code [0x000002de009aea80, 0x000002de009af758]
Event: 10.072 Thread 0x000002de1615e2f0 5933   !   3       org.springframework.beans.factory.support.AbstractBeanFactory::adaptBeanInstance (98 bytes)
Event: 10.074 Thread 0x000002de1615e2f0 nmethod 5933 0x000002de009afb90 code [0x000002de009afe60, 0x000002de009b11a8]
Event: 10.088 Thread 0x000002de1615e2f0 5934       3       org.springframework.core.MethodParameter::getParameterAnnotations (97 bytes)
Event: 10.089 Thread 0x000002de1615e2f0 nmethod 5934 0x000002de009b1890 code [0x000002de009b1b00, 0x000002de009b2778]
Event: 10.091 Thread 0x000002de1615e2f0 5935       3       org.springframework.core.MethodParameter::getContainingClass (18 bytes)
Event: 10.091 Thread 0x000002de1615e2f0 nmethod 5935 0x000002de009b2a90 code [0x000002de009b2c40, 0x000002de009b2f68]
Event: 10.111 Thread 0x000002de1615e2f0 5937       3       java.util.regex.Matcher::<init> (95 bytes)

GC Heap History (20 events):
Event: 6.141 GC heap before
{Heap before GC invocations=15 (full 0):
 garbage-first heap   total 49152K, used 33657K [0x0000000742000000, 0x0000000800000000)
  region size 2048K, 9 young (18432K), 2 survivors (4096K)
 Metaspace       used 50794K, committed 51264K, reserved 1114112K
  class space    used 6058K, committed 6272K, reserved 1048576K
}
Event: 6.146 GC heap after
{Heap after GC invocations=16 (full 0):
 garbage-first heap   total 49152K, used 20254K [0x0000000742000000, 0x0000000800000000)
  region size 2048K, 1 young (2048K), 1 survivors (2048K)
 Metaspace       used 50794K, committed 51264K, reserved 1114112K
  class space    used 6058K, committed 6272K, reserved 1048576K
}
Event: 6.881 GC heap before
{Heap before GC invocations=16 (full 0):
 garbage-first heap   total 49152K, used 36638K [0x0000000742000000, 0x0000000800000000)
  region size 2048K, 9 young (18432K), 1 survivors (2048K)
 Metaspace       used 55713K, committed 56320K, reserved 1114112K
  class space    used 6684K, committed 6976K, reserved 1048576K
}
Event: 6.885 GC heap after
{Heap after GC invocations=17 (full 0):
 garbage-first heap   total 49152K, used 21421K [0x0000000742000000, 0x0000000800000000)
  region size 2048K, 2 young (4096K), 2 survivors (4096K)
 Metaspace       used 55713K, committed 56320K, reserved 1114112K
  class space    used 6684K, committed 6976K, reserved 1048576K
}
Event: 7.246 GC heap before
{Heap before GC invocations=17 (full 0):
 garbage-first heap   total 49152K, used 33709K [0x0000000742000000, 0x0000000800000000)
  region size 2048K, 9 young (18432K), 2 survivors (4096K)
 Metaspace       used 59761K, committed 60288K, reserved 1114112K
  class space    used 7283K, committed 7552K, reserved 1048576K
}
Event: 7.249 GC heap after
{Heap after GC invocations=18 (full 0):
 garbage-first heap   total 49152K, used 22366K [0x0000000742000000, 0x0000000800000000)
  region size 2048K, 2 young (4096K), 2 survivors (4096K)
 Metaspace       used 59761K, committed 60288K, reserved 1114112K
  class space    used 7283K, committed 7552K, reserved 1048576K
}
Event: 7.619 GC heap before
{Heap before GC invocations=19 (full 0):
 garbage-first heap   total 49152K, used 36702K [0x0000000742000000, 0x0000000800000000)
  region size 2048K, 9 young (18432K), 2 survivors (4096K)
 Metaspace       used 63063K, committed 63616K, reserved 1114112K
  class space    used 7850K, committed 8128K, reserved 1048576K
}
Event: 7.621 GC heap after
{Heap after GC invocations=20 (full 0):
 garbage-first heap   total 49152K, used 22905K [0x0000000742000000, 0x0000000800000000)
  region size 2048K, 2 young (4096K), 2 survivors (4096K)
 Metaspace       used 63063K, committed 63616K, reserved 1114112K
  class space    used 7850K, committed 8128K, reserved 1048576K
}
Event: 8.050 GC heap before
{Heap before GC invocations=20 (full 0):
 garbage-first heap   total 49152K, used 37241K [0x0000000742000000, 0x0000000800000000)
  region size 2048K, 9 young (18432K), 2 survivors (4096K)
 Metaspace       used 66076K, committed 66688K, reserved 1114112K
  class space    used 8265K, committed 8512K, reserved 1048576K
}
Event: 8.055 GC heap after
{Heap after GC invocations=21 (full 0):
 garbage-first heap   total 49152K, used 24489K [0x0000000742000000, 0x0000000800000000)
  region size 2048K, 2 young (4096K), 2 survivors (4096K)
 Metaspace       used 66076K, committed 66688K, reserved 1114112K
  class space    used 8265K, committed 8512K, reserved 1048576K
}
Event: 8.328 GC heap before
{Heap before GC invocations=21 (full 0):
 garbage-first heap   total 49152K, used 36777K [0x0000000742000000, 0x0000000800000000)
  region size 2048K, 8 young (16384K), 2 survivors (4096K)
 Metaspace       used 68190K, committed 68800K, reserved 1114112K
  class space    used 8546K, committed 8832K, reserved 1048576K
}
Event: 8.333 GC heap after
{Heap after GC invocations=22 (full 0):
 garbage-first heap   total 49152K, used 24929K [0x0000000742000000, 0x0000000800000000)
  region size 2048K, 1 young (2048K), 1 survivors (2048K)
 Metaspace       used 68190K, committed 68800K, reserved 1114112K
  class space    used 8546K, committed 8832K, reserved 1048576K
}
Event: 8.502 GC heap before
{Heap before GC invocations=23 (full 0):
 garbage-first heap   total 49152K, used 37217K [0x0000000742000000, 0x0000000800000000)
  region size 2048K, 7 young (14336K), 1 survivors (2048K)
 Metaspace       used 68634K, committed 69248K, reserved 1114112K
  class space    used 8631K, committed 8896K, reserved 1048576K
}
Event: 8.504 GC heap after
{Heap after GC invocations=24 (full 0):
 garbage-first heap   total 49152K, used 25429K [0x0000000742000000, 0x0000000800000000)
  region size 2048K, 1 young (2048K), 1 survivors (2048K)
 Metaspace       used 68634K, committed 69248K, reserved 1114112K
  class space    used 8631K, committed 8896K, reserved 1048576K
}
Event: 8.794 GC heap before
{Heap before GC invocations=24 (full 0):
 garbage-first heap   total 49152K, used 37717K [0x0000000742000000, 0x0000000800000000)
  region size 2048K, 7 young (14336K), 1 survivors (2048K)
 Metaspace       used 69417K, committed 70016K, reserved 1114112K
  class space    used 8731K, committed 9024K, reserved 1048576K
}
Event: 8.799 GC heap after
{Heap after GC invocations=25 (full 0):
 garbage-first heap   total 49152K, used 26278K [0x0000000742000000, 0x0000000800000000)
  region size 2048K, 1 young (2048K), 1 survivors (2048K)
 Metaspace       used 69417K, committed 70016K, reserved 1114112K
  class space    used 8731K, committed 9024K, reserved 1048576K
}
Event: 8.988 GC heap before
{Heap before GC invocations=26 (full 0):
 garbage-first heap   total 55296K, used 36518K [0x0000000742000000, 0x0000000800000000)
  region size 2048K, 6 young (12288K), 1 survivors (2048K)
 Metaspace       used 69911K, committed 70528K, reserved 1114112K
  class space    used 8836K, committed 9152K, reserved 1048576K
}
Event: 8.993 GC heap after
{Heap after GC invocations=27 (full 0):
 garbage-first heap   total 55296K, used 26955K [0x0000000742000000, 0x0000000800000000)
  region size 2048K, 1 young (2048K), 1 survivors (2048K)
 Metaspace       used 69911K, committed 70528K, reserved 1114112K
  class space    used 8836K, committed 9152K, reserved 1048576K
}
Event: 10.077 GC heap before
{Heap before GC invocations=27 (full 0):
 garbage-first heap   total 55296K, used 43339K [0x0000000742000000, 0x0000000800000000)
  region size 2048K, 9 young (18432K), 1 survivors (2048K)
 Metaspace       used 72074K, committed 72768K, reserved 1114112K
  class space    used 9153K, committed 9472K, reserved 1048576K
}
Event: 10.081 GC heap after
{Heap after GC invocations=28 (full 0):
 garbage-first heap   total 55296K, used 28340K [0x0000000742000000, 0x0000000800000000)
  region size 2048K, 2 young (4096K), 2 survivors (4096K)
 Metaspace       used 72074K, committed 72768K, reserved 1114112K
  class space    used 9153K, committed 9472K, reserved 1048576K
}

Dll operation events (11 events):
Event: 0.009 Loaded shared library C:\Users\prash\.p2\pool\plugins\org.eclipse.justj.openjdk.hotspot.jre.full.win32.x86_64_19.0.2.v20230129-1123\jre\bin\java.dll
Event: 0.017 Loaded shared library C:\Users\prash\.p2\pool\plugins\org.eclipse.justj.openjdk.hotspot.jre.full.win32.x86_64_19.0.2.v20230129-1123\jre\bin\zip.dll
Event: 0.191 Loaded shared library C:\Users\prash\.p2\pool\plugins\org.eclipse.justj.openjdk.hotspot.jre.full.win32.x86_64_19.0.2.v20230129-1123\jre\bin\net.dll
Event: 0.193 Loaded shared library C:\Users\prash\.p2\pool\plugins\org.eclipse.justj.openjdk.hotspot.jre.full.win32.x86_64_19.0.2.v20230129-1123\jre\bin\nio.dll
Event: 0.199 Loaded shared library C:\Users\prash\.p2\pool\plugins\org.eclipse.justj.openjdk.hotspot.jre.full.win32.x86_64_19.0.2.v20230129-1123\jre\bin\zip.dll
Event: 0.333 Loaded shared library C:\Users\prash\.p2\pool\plugins\org.eclipse.justj.openjdk.hotspot.jre.full.win32.x86_64_19.0.2.v20230129-1123\jre\bin\jimage.dll
Event: 0.728 Loaded shared library C:\Users\prash\.p2\pool\plugins\org.eclipse.justj.openjdk.hotspot.jre.full.win32.x86_64_19.0.2.v20230129-1123\jre\bin\management.dll
Event: 0.747 Loaded shared library C:\Users\prash\.p2\pool\plugins\org.eclipse.justj.openjdk.hotspot.jre.full.win32.x86_64_19.0.2.v20230129-1123\jre\bin\management_ext.dll
Event: 1.344 Loaded shared library C:\Users\prash\.p2\pool\plugins\org.eclipse.justj.openjdk.hotspot.jre.full.win32.x86_64_19.0.2.v20230129-1123\jre\bin\verify.dll
Event: 4.513 Loaded shared library C:\Users\prash\.p2\pool\plugins\org.eclipse.justj.openjdk.hotspot.jre.full.win32.x86_64_19.0.2.v20230129-1123\jre\bin\sunmscapi.dll
Event: 6.161 Loaded shared library C:\Users\prash\.p2\pool\plugins\org.eclipse.justj.openjdk.hotspot.jre.full.win32.x86_64_19.0.2.v20230129-1123\jre\bin\extnet.dll

Deoptimization events (20 events):
Event: 9.184 Thread 0x000002de16a51230 DEOPT PACKING pc=0x000002de07cc3358 sp=0x000000edb1afbae0
Event: 9.184 Thread 0x000002de16a51230 DEOPT UNPACKING pc=0x000002de07596da3 sp=0x000000edb1afba28 mode 2
Event: 9.296 Thread 0x000002de16a51230 Uncommon trap: trap_request=0xffffff45 fr.pc=0x000002de07c813ec relative=0x00000000000004cc
Event: 9.296 Thread 0x000002de16a51230 Uncommon trap: reason=unstable_if action=reinterpret pc=0x000002de07c813ec method=org.springframework.beans.factory.support.DefaultSingletonBeanRegistry.getSingleton(Ljava/lang/String;Z)Ljava/lang/Object; @ 39 c2
Event: 9.296 Thread 0x000002de16a51230 DEOPT PACKING pc=0x000002de07c813ec sp=0x000000edb1af9ca0
Event: 9.296 Thread 0x000002de16a51230 DEOPT UNPACKING pc=0x000002de07596da3 sp=0x000000edb1af9c38 mode 2
Event: 9.320 Thread 0x000002de16a51230 Uncommon trap: trap_request=0xffffffc6 fr.pc=0x000002de07b13730 relative=0x0000000000000790
Event: 9.320 Thread 0x000002de16a51230 Uncommon trap: reason=bimorphic_or_optimized_type_check action=maybe_recompile pc=0x000002de07b13730 method=org.springframework.core.annotation.AnnotationsScanner.processMethodAnnotations(Ljava/lang/Object;ILjava/lang/reflect/Method;Lorg/springframework/c
Event: 9.320 Thread 0x000002de16a51230 DEOPT PACKING pc=0x000002de07b13730 sp=0x000000edb1afd0f0
Event: 9.320 Thread 0x000002de16a51230 DEOPT UNPACKING pc=0x000002de07596da3 sp=0x000000edb1afd0b8 mode 2
Event: 9.556 Thread 0x000002de16a51230 DEOPT PACKING pc=0x000002de0063cab8 sp=0x000000edb1afb160
Event: 9.556 Thread 0x000002de16a51230 DEOPT UNPACKING pc=0x000002de07597543 sp=0x000000edb1afa720 mode 0
Event: 9.561 Thread 0x000002de16a51230 Uncommon trap: trap_request=0xffffff45 fr.pc=0x000002de07bee680 relative=0x00000000000001e0
Event: 9.561 Thread 0x000002de16a51230 Uncommon trap: reason=unstable_if action=reinterpret pc=0x000002de07bee680 method=java.util.IdentityHashMap.nextKeyIndex(II)I @ 4 c2
Event: 9.561 Thread 0x000002de16a51230 DEOPT PACKING pc=0x000002de07bee680 sp=0x000000edb1afa260
Event: 9.561 Thread 0x000002de16a51230 DEOPT UNPACKING pc=0x000002de07596da3 sp=0x000000edb1afa168 mode 2
Event: 9.626 Thread 0x000002de16a51230 Uncommon trap: trap_request=0xffffff45 fr.pc=0x000002de07ae27f4 relative=0x00000000000001d4
Event: 9.626 Thread 0x000002de16a51230 Uncommon trap: reason=unstable_if action=reinterpret pc=0x000002de07ae27f4 method=java.lang.String.hashCode()I @ 20 c2
Event: 9.626 Thread 0x000002de16a51230 DEOPT PACKING pc=0x000002de07ae27f4 sp=0x000000edb1afae40
Event: 9.626 Thread 0x000002de16a51230 DEOPT UNPACKING pc=0x000002de07596da3 sp=0x000000edb1afadd0 mode 2

Classes loaded (20 events):
Event: 8.594 Loading class java/time/DurationEditor
Event: 8.594 Loading class java/time/DurationEditor done
Event: 8.601 Loading class java/util/regex/Pattern$1
Event: 8.601 Loading class java/util/regex/Pattern$1 done
Event: 8.777 Loading class java/lang/reflect/MalformedParametersException
Event: 8.777 Loading class java/lang/reflect/MalformedParametersException done
Event: 8.792 Loading class java/util/concurrent/ConcurrentHashMap$TreeNode
Event: 8.793 Loading class java/util/concurrent/ConcurrentHashMap$TreeNode done
Event: 8.793 Loading class java/util/concurrent/ConcurrentHashMap$TreeBin
Event: 8.793 Loading class java/util/concurrent/ConcurrentHashMap$TreeBin done
Event: 9.140 Loading class java/util/regex/Pattern$SliceI
Event: 9.141 Loading class java/util/regex/Pattern$SliceI done
Event: 9.297 Loading class java/lang/invoke/WrongMethodTypeException
Event: 9.297 Loading class java/lang/invoke/WrongMethodTypeException done
Event: 9.657 Loading class java/lang/invoke/BoundMethodHandle$Species_LLLLLLLL
Event: 9.657 Loading class java/lang/invoke/BoundMethodHandle$Species_LLLLLLLL done
Event: 9.793 Loading class java/util/OptionalLong
Event: 9.794 Loading class java/util/OptionalLong done
Event: 9.794 Loading class java/util/OptionalDouble
Event: 9.795 Loading class java/util/OptionalDouble done

Classes unloaded (0 events):
No events

Classes redefined (0 events):
No events

Internal exceptions (20 events):
Event: 7.690 Thread 0x000002de16a51230 Exception <a 'java/lang/NoSuchMethodError'{0x000000074daf5868}: 'int java.lang.invoke.DirectMethodHandle$Holder.invokeSpecial(java.lang.Object, java.lang.Object, java.lang.Object, java.lang.Object, java.lang.Object, java.lang.Object)'> (0x000000074daf5868) 
thrown [s\src\hotspot\share\interpreter\linkResolver.cpp, line 774]
Event: 7.691 Thread 0x000002de16a51230 Exception <a 'java/lang/NoSuchMethodError'{0x000000074db02468}: 'void java.lang.invoke.DirectMethodHandle$Holder.invokeSpecial(java.lang.Object, java.lang.Object, java.lang.Object, java.lang.Object, java.lang.Object, java.lang.Object, java.lang.Object)'> (0x000000074db02468) 
thrown [s\src\hotspot\share\interpreter\linkResolver.cpp, line 774]
Event: 7.708 Thread 0x000002de16a51230 Exception <a 'java/lang/NoSuchMethodError'{0x000000074dbe68c8}: 'java.lang.Object java.lang.invoke.DirectMethodHandle$Holder.newInvokeSpecial(java.lang.Object, java.lang.Object, java.lang.Object, java.lang.Object, java.lang.Object, java.lang.Object, java.lang.Object, int)'> (0x000000074dbe68c8) 
thrown [s\src\hotspot\share\interpreter\linkResolver.cpp, line 774]
Event: 7.708 Thread 0x000002de16a51230 Exception <a 'java/lang/NoSuchMethodError'{0x000000074dbeb8d8}: 'java.lang.Object java.lang.invoke.DirectMethodHandle$Holder.invokeSpecial(java.lang.Object, java.lang.Object, java.lang.Object, java.lang.Object, java.lang.Object, java.lang.Object, java.lang.Object, java.lang.Object, int)'> (0x000000074dbeb8d8) 
thrown [s\src\hotspot\share\interpreter\linkResolver.cpp, line 774]
Event: 7.734 Thread 0x000002de16a51230 Exception <a 'java/lang/NoSuchMethodError'{0x000000074d918c90}: 'void java.lang.invoke.DirectMethodHandle$Holder.invokeInterface(java.lang.Object, java.lang.Object)'> (0x000000074d918c90) 
thrown [s\src\hotspot\share\interpreter\linkResolver.cpp, line 774]
Event: 7.892 Thread 0x000002de16a51230 Exception <a 'java/lang/NoSuchMethodError'{0x000000074468f080}: 'java.lang.Object java.lang.invoke.DirectMethodHandle$Holder.invokeSpecial(java.lang.Object, java.lang.Object, int, java.lang.Object, int)'> (0x000000074468f080) 
thrown [s\src\hotspot\share\interpreter\linkResolver.cpp, line 774]
Event: 7.979 Thread 0x000002de16a51230 Exception <a 'java/lang/NoSuchMethodError'{0x000000074443d2e0}: 'void java.lang.invoke.Invokers$Holder.invokeExact_MT(java.lang.Object, java.lang.Object, java.lang.Object, java.lang.Object)'> (0x000000074443d2e0) 
thrown [s\src\hotspot\share\interpreter\linkResolver.cpp, line 774]
Event: 8.066 Thread 0x000002de16a51230 Implicit null exception at 0x000002de07d51260 to 0x000002de07d52bc0
Event: 8.074 Thread 0x000002de16a51230 Exception <a 'java/lang/IncompatibleClassChangeError'{0x000000074dca39f0}: Found class java.lang.Object, but interface was expected> (0x000000074dca39f0) 
thrown [s\src\hotspot\share\interpreter\linkResolver.cpp, line 841]
Event: 8.123 Thread 0x000002de16a51230 Exception <a 'java/lang/IncompatibleClassChangeError'{0x000000074da3c018}: Found class java.lang.Object, but interface was expected> (0x000000074da3c018) 
thrown [s\src\hotspot\share\interpreter\linkResolver.cpp, line 841]
Event: 8.132 Thread 0x000002de16a51230 Exception <a 'java/lang/NoSuchMethodError'{0x000000074da888f0}: 'java.lang.Object java.lang.invoke.DirectMethodHandle$Holder.invokeSpecialIFC(java.lang.Object, java.lang.Object, java.lang.Object)'> (0x000000074da888f0) 
thrown [s\src\hotspot\share\interpreter\linkResolver.cpp, line 774]
Event: 8.301 Thread 0x000002de16a51230 Exception <a 'java/lang/IncompatibleClassChangeError'{0x00000007447254e0}: Found class java.lang.Object, but interface was expected> (0x00000007447254e0) 
thrown [s\src\hotspot\share\interpreter\linkResolver.cpp, line 841]
Event: 8.437 Thread 0x000002de16a51230 Exception <a 'java/lang/IncompatibleClassChangeError'{0x00000007446bf058}: Found class java.lang.Object, but interface was expected> (0x00000007446bf058) 
thrown [s\src\hotspot\share\interpreter\linkResolver.cpp, line 841]
Event: 8.651 Thread 0x000002de16a51230 Exception <a 'java/lang/NoSuchMethodError'{0x000000074484d858}: 'java.lang.Object java.lang.invoke.DirectMethodHandle$Holder.newInvokeSpecial(java.lang.Object, java.lang.Object, java.lang.Object, java.lang.Object, java.lang.Object, java.lang.Object, java.lang.Object, java.lang.Object)'> (0x000000074484d858) 
thrown [s\src\hotspot\share\interpreter\linkResolver.cpp, line 774]
Event: 8.716 Thread 0x000002de16a51230 Exception <a 'java/lang/IncompatibleClassChangeError'{0x00000007446a11e8}: Found class java.lang.Object, but interface was expected> (0x00000007446a11e8) 
thrown [s\src\hotspot\share\interpreter\linkResolver.cpp, line 841]
Event: 8.901 Thread 0x000002de16a51230 Exception <a 'java/lang/IncompatibleClassChangeError'{0x0000000744ebdb80}: Found class java.lang.Object, but interface was expected> (0x0000000744ebdb80) 
thrown [s\src\hotspot\share\interpreter\linkResolver.cpp, line 841]
Event: 8.987 Thread 0x000002de16a51230 Exception <a 'java/lang/NoSuchMethodError'{0x0000000744df3890}: 'java.lang.Object java.lang.invoke.DirectMethodHandle$Holder.invokeVirtual(java.lang.Object, java.lang.Object, int)'> (0x0000000744df3890) 
thrown [s\src\hotspot\share\interpreter\linkResolver.cpp, line 774]
Event: 9.200 Thread 0x000002de16a51230 Exception <a 'java/lang/NoSuchMethodError'{0x000000074da84600}: 'java.lang.Object java.lang.invoke.DirectMethodHandle$Holder.invokeVirtual(java.lang.Object, java.lang.Object, java.lang.Object, java.lang.Object, java.lang.Object, java.lang.Object)'> (0x000000074da84600) 
thrown [s\src\hotspot\share\interpreter\linkResolver.cpp, line 774]
Event: 9.880 Thread 0x000002de16a51230 Exception <a 'java/lang/NoSuchMethodError'{0x0000000744927568}: 'void java.lang.invoke.DirectMethodHandle$Holder.invokeVirtual(java.lang.Object, java.lang.Object, long)'> (0x0000000744927568) 
thrown [s\src\hotspot\share\interpreter\linkResolver.cpp, line 774]
Event: 9.950 Thread 0x000002de16a51230 Exception <a 'java/lang/NoSuchMethodError'{0x00000007446731b8}: 'java.lang.Object java.lang.invoke.DirectMethodHandle$Holder.invokeSpecial(java.lang.Object, java.lang.Object, int, int, int, int)'> (0x00000007446731b8) 
thrown [s\src\hotspot\share\interpreter\linkResolver.cpp, line 774]

VM Operations (20 events):
Event: 8.371 Executing VM operation: G1PauseCleanup
Event: 8.371 Executing VM operation: G1PauseCleanup done
Event: 8.502 Executing VM operation: G1CollectForAllocation
Event: 8.504 Executing VM operation: G1CollectForAllocation done
Event: 8.794 Executing VM operation: G1CollectForAllocation
Event: 8.799 Executing VM operation: G1CollectForAllocation done
Event: 8.835 Executing VM operation: G1PauseRemark
Event: 8.839 Executing VM operation: G1PauseRemark done
Event: 8.854 Executing VM operation: G1PauseCleanup
Event: 8.854 Executing VM operation: G1PauseCleanup done
Event: 8.988 Executing VM operation: G1CollectForAllocation
Event: 8.993 Executing VM operation: G1CollectForAllocation done
Event: 9.454 Executing VM operation: HandshakeAllThreads
Event: 9.454 Executing VM operation: HandshakeAllThreads done
Event: 9.845 Executing VM operation: HandshakeAllThreads
Event: 9.845 Executing VM operation: HandshakeAllThreads done
Event: 9.970 Executing VM operation: HandshakeAllThreads
Event: 9.970 Executing VM operation: HandshakeAllThreads done
Event: 10.077 Executing VM operation: G1CollectForAllocation
Event: 10.086 Executing VM operation: G1CollectForAllocation done

Events (20 events):
Event: 7.052 Thread 0x000002de16162880 flushing nmethod 0x000002de00831390
Event: 7.052 Thread 0x000002de16162880 flushing nmethod 0x000002de0085c290
Event: 7.052 Thread 0x000002de16162880 flushing nmethod 0x000002de008aab10
Event: 7.052 Thread 0x000002de16162880 flushing nmethod 0x000002de008d0790
Event: 7.052 Thread 0x000002de16162880 flushing nmethod 0x000002de0091e890
Event: 7.052 Thread 0x000002de16162880 flushing nmethod 0x000002de0091ed90
Event: 7.052 Thread 0x000002de16162880 flushing nmethod 0x000002de00921790
Event: 7.052 Thread 0x000002de16162880 flushing nmethod 0x000002de00924f90
Event: 7.052 Thread 0x000002de16162880 flushing nmethod 0x000002de00925810
Event: 7.052 Thread 0x000002de16162880 flushing nmethod 0x000002de00926f90
Event: 7.052 Thread 0x000002de16162880 flushing nmethod 0x000002de00927c10
Event: 7.052 Thread 0x000002de16162880 flushing nmethod 0x000002de00928490
Event: 7.052 Thread 0x000002de16162880 flushing nmethod 0x000002de00929790
Event: 7.052 Thread 0x000002de16162880 flushing nmethod 0x000002de0092b290
Event: 7.052 Thread 0x000002de16162880 flushing nmethod 0x000002de0092d210
Event: 7.052 Thread 0x000002de16162880 flushing nmethod 0x000002de00935990
Event: 7.052 Thread 0x000002de16162880 flushing nmethod 0x000002de00937f90
Event: 7.052 Thread 0x000002de16162880 flushing nmethod 0x000002de00982d10
Event: 7.327 Thread 0x000002de172d1760 Thread exited: 0x000002de172d1760
Event: 8.333 Thread 0x000002de172d1760 Thread added: 0x000002de172d1760


Dynamic libraries:
0x00007ff6e15b0000 - 0x00007ff6e15be000 	C:\Users\prash\.p2\pool\plugins\org.eclipse.justj.openjdk.hotspot.jre.full.win32.x86_64_19.0.2.v20230129-1123\jre\bin\javaw.exe
0x00007ffc09070000 - 0x00007ffc09284000 	C:\Windows\SYSTEM32\ntdll.dll
0x00007ffc07cb0000 - 0x00007ffc07d73000 	C:\Windows\System32\KERNEL32.DLL
0x00007ffc064b0000 - 0x00007ffc0684c000 	C:\Windows\System32\KERNELBASE.dll
0x00007ffc06970000 - 0x00007ffc06a81000 	C:\Windows\System32\ucrtbase.dll
0x00007ffc00290000 - 0x00007ffc002a9000 	C:\Users\prash\.p2\pool\plugins\org.eclipse.justj.openjdk.hotspot.jre.full.win32.x86_64_19.0.2.v20230129-1123\jre\bin\VCRUNTIME140.dll
0x00007ffbff380000 - 0x00007ffbff397000 	C:\Users\prash\.p2\pool\plugins\org.eclipse.justj.openjdk.hotspot.jre.full.win32.x86_64_19.0.2.v20230129-1123\jre\bin\jli.dll
0x00007ffc08790000 - 0x00007ffc0893d000 	C:\Windows\System32\USER32.dll
0x00007ffc06d10000 - 0x00007ffc06d36000 	C:\Windows\System32\win32u.dll
0x00007ffbef720000 - 0x00007ffbef9ae000 	C:\Windows\WinSxS\amd64_microsoft.windows.common-controls_6595b64144ccf1df_6.0.22621.608_none_a9444ca7c10bb01d\COMCTL32.dll
0x00007ffc08940000 - 0x00007ffc08969000 	C:\Windows\System32\GDI32.dll
0x00007ffc074e0000 - 0x00007ffc07587000 	C:\Windows\System32\msvcrt.dll
0x00007ffc06850000 - 0x00007ffc06963000 	C:\Windows\System32\gdi32full.dll
0x00007ffc06c70000 - 0x00007ffc06d0a000 	C:\Windows\System32\msvcp_win.dll
0x00007ffc077a0000 - 0x00007ffc077d1000 	C:\Windows\System32\IMM32.DLL
0x00007ffc00510000 - 0x00007ffc0051c000 	C:\Users\prash\.p2\pool\plugins\org.eclipse.justj.openjdk.hotspot.jre.full.win32.x86_64_19.0.2.v20230129-1123\jre\bin\vcruntime140_1.dll
0x00007ffbf6c00000 - 0x00007ffbf6c91000 	C:\Users\prash\.p2\pool\plugins\org.eclipse.justj.openjdk.hotspot.jre.full.win32.x86_64_19.0.2.v20230129-1123\jre\bin\msvcp140.dll
0x00007ffba4cd0000 - 0x00007ffba59c1000 	C:\Users\prash\.p2\pool\plugins\org.eclipse.justj.openjdk.hotspot.jre.full.win32.x86_64_19.0.2.v20230129-1123\jre\bin\server\jvm.dll
0x00007ffc06fc0000 - 0x00007ffc0706e000 	C:\Windows\System32\ADVAPI32.dll
0x00007ffc08e80000 - 0x00007ffc08f24000 	C:\Windows\System32\sechost.dll
0x00007ffc06ea0000 - 0x00007ffc06fb5000 	C:\Windows\System32\RPCRT4.dll
0x00007ffbff040000 - 0x00007ffbff074000 	C:\Windows\SYSTEM32\WINMM.dll
0x00007ffbf4fb0000 - 0x00007ffbf4fb9000 	C:\Windows\SYSTEM32\WSOCK32.dll
0x00007ffbff890000 - 0x00007ffbff89a000 	C:\Windows\SYSTEM32\VERSION.dll
0x00007ffc07140000 - 0x00007ffc071b1000 	C:\Windows\System32\WS2_32.dll
0x00007ffc05470000 - 0x00007ffc05488000 	C:\Windows\SYSTEM32\kernel.appcore.dll
0x00007ffc02e00000 - 0x00007ffc02e0a000 	C:\Users\prash\.p2\pool\plugins\org.eclipse.justj.openjdk.hotspot.jre.full.win32.x86_64_19.0.2.v20230129-1123\jre\bin\jimage.dll
0x00007ffbf4610000 - 0x00007ffbf483e000 	C:\Windows\SYSTEM32\DBGHELP.DLL
0x00007ffc07860000 - 0x00007ffc07be9000 	C:\Windows\System32\combase.dll
0x00007ffc08f30000 - 0x00007ffc09007000 	C:\Windows\System32\OLEAUT32.dll
0x00007ffbf45d0000 - 0x00007ffbf4602000 	C:\Windows\SYSTEM32\dbgcore.DLL
0x00007ffc06e00000 - 0x00007ffc06e7b000 	C:\Windows\System32\bcryptPrimitives.dll
0x00007ffbf05a0000 - 0x00007ffbf05c6000 	C:\Users\prash\.p2\pool\plugins\org.eclipse.justj.openjdk.hotspot.jre.full.win32.x86_64_19.0.2.v20230129-1123\jre\bin\java.dll
0x00007ffbe8850000 - 0x00007ffbe8868000 	C:\Users\prash\.p2\pool\plugins\org.eclipse.justj.openjdk.hotspot.jre.full.win32.x86_64_19.0.2.v20230129-1123\jre\bin\zip.dll
0x00007ffc07f50000 - 0x00007ffc08740000 	C:\Windows\System32\SHELL32.dll
0x00007ffc04470000 - 0x00007ffc04d3e000 	C:\Windows\SYSTEM32\windows.storage.dll
0x00007ffc04330000 - 0x00007ffc0446e000 	C:\Windows\SYSTEM32\wintypes.dll
0x00007ffc075a0000 - 0x00007ffc07691000 	C:\Windows\System32\SHCORE.dll
0x00007ffc07bf0000 - 0x00007ffc07c4e000 	C:\Windows\System32\shlwapi.dll
0x00007ffc063e0000 - 0x00007ffc06401000 	C:\Windows\SYSTEM32\profapi.dll
0x00007ffbe7df0000 - 0x00007ffbe7e03000 	C:\Users\prash\.p2\pool\plugins\org.eclipse.justj.openjdk.hotspot.jre.full.win32.x86_64_19.0.2.v20230129-1123\jre\bin\net.dll
0x00007ffbff500000 - 0x00007ffbff62f000 	C:\Windows\SYSTEM32\WINHTTP.dll
0x00007ffc05940000 - 0x00007ffc059a9000 	C:\Windows\system32\mswsock.dll
0x00007ffbe6a60000 - 0x00007ffbe6a76000 	C:\Users\prash\.p2\pool\plugins\org.eclipse.justj.openjdk.hotspot.jre.full.win32.x86_64_19.0.2.v20230129-1123\jre\bin\nio.dll
0x00007ffbff350000 - 0x00007ffbff359000 	C:\Users\prash\.p2\pool\plugins\org.eclipse.justj.openjdk.hotspot.jre.full.win32.x86_64_19.0.2.v20230129-1123\jre\bin\management.dll
0x00007ffbff330000 - 0x00007ffbff33b000 	C:\Users\prash\.p2\pool\plugins\org.eclipse.justj.openjdk.hotspot.jre.full.win32.x86_64_19.0.2.v20230129-1123\jre\bin\management_ext.dll
0x00007ffc07120000 - 0x00007ffc07128000 	C:\Windows\System32\PSAPI.DLL
0x00007ffc00310000 - 0x00007ffc00320000 	C:\Users\prash\.p2\pool\plugins\org.eclipse.justj.openjdk.hotspot.jre.full.win32.x86_64_19.0.2.v20230129-1123\jre\bin\verify.dll
0x00007ffc05be0000 - 0x00007ffc05bfb000 	C:\Windows\SYSTEM32\CRYPTSP.dll
0x00007ffc05430000 - 0x00007ffc05465000 	C:\Windows\system32\rsaenh.dll
0x00007ffc05a70000 - 0x00007ffc05a98000 	C:\Windows\SYSTEM32\USERENV.dll
0x00007ffc05d90000 - 0x00007ffc05db8000 	C:\Windows\SYSTEM32\bcrypt.dll
0x00007ffc05bd0000 - 0x00007ffc05bdc000 	C:\Windows\SYSTEM32\CRYPTBASE.dll
0x00007ffc04f90000 - 0x00007ffc04fbd000 	C:\Windows\SYSTEM32\IPHLPAPI.DLL
0x00007ffc07d80000 - 0x00007ffc07d89000 	C:\Windows\System32\NSI.dll
0x00007ffbff020000 - 0x00007ffbff039000 	C:\Windows\SYSTEM32\dhcpcsvc6.DLL
0x00007ffbfec70000 - 0x00007ffbfec8f000 	C:\Windows\SYSTEM32\dhcpcsvc.DLL
0x00007ffc05000000 - 0x00007ffc050f3000 	C:\Windows\SYSTEM32\DNSAPI.dll
0x00007ffbff870000 - 0x00007ffbff87e000 	C:\Users\prash\.p2\pool\plugins\org.eclipse.justj.openjdk.hotspot.jre.full.win32.x86_64_19.0.2.v20230129-1123\jre\bin\sunmscapi.dll
0x00007ffc06b00000 - 0x00007ffc06c66000 	C:\Windows\System32\CRYPT32.dll
0x00007ffc05d60000 - 0x00007ffc05d8d000 	C:\Windows\SYSTEM32\ncrypt.dll
0x00007ffc05d20000 - 0x00007ffc05d57000 	C:\Windows\SYSTEM32\NTASN1.dll
0x00007ffbf6380000 - 0x00007ffbf638a000 	C:\Windows\System32\rasadhlp.dll
0x00007ffbfdb30000 - 0x00007ffbfdbb3000 	C:\Windows\System32\fwpuclnt.dll
0x00007ffbff420000 - 0x00007ffbff428000 	C:\Users\prash\.p2\pool\plugins\org.eclipse.justj.openjdk.hotspot.jre.full.win32.x86_64_19.0.2.v20230129-1123\jre\bin\extnet.dll

dbghelp: loaded successfully - version: 4.0.5 - missing functions: none
symbol engine: initialized successfully - sym options: 0x614 - pdb path: .;C:\Users\prash\.p2\pool\plugins\org.eclipse.justj.openjdk.hotspot.jre.full.win32.x86_64_19.0.2.v20230129-1123\jre\bin;C:\Windows\SYSTEM32;C:\Windows\WinSxS\amd64_microsoft.windows.common-controls_6595b64144ccf1df_6.0.22621.608_none_a9444ca7c10bb01d;C:\Users\prash\.p2\pool\plugins\org.eclipse.justj.openjdk.hotspot.jre.full.win32.x86_64_19.0.2.v20230129-1123\jre\bin\server

VM Arguments:
jvm_args: -Dfile.encoding=UTF-8 -XX:+ShowCodeDetailsInExceptionMessages 
java_command: com.example.demo.DemoApplication
java_class_path (initial): C:\Users\prash\eclipse-workspace\demo\target\classes;C:\Users\prash\.m2\repository\org\springframework\boot\spring-boot-starter-data-jpa\3.0.4\spring-boot-starter-data-jpa-3.0.4.jar;C:\Users\prash\.m2\repository\org\springframework\boot\spring-boot-starter-aop\3.0.4\spring-boot-starter-aop-3.0.4.jar;C:\Users\prash\.m2\repository\org\springframework\spring-aop\6.0.6\spring-aop-6.0.6.jar;C:\Users\prash\.m2\repository\org\aspectj\aspectjweaver\1.9.19\aspectjweaver-1.9.19.jar;C:\Users\prash\.m2\repository\org\springframework\boot\spring-boot-starter-jdbc\3.0.4\spring-boot-starter-jdbc-3.0.4.jar;C:\Users\prash\.m2\repository\com\zaxxer\HikariCP\5.0.1\HikariCP-5.0.1.jar;C:\Users\prash\.m2\repository\org\springframework\spring-jdbc\6.0.6\spring-jdbc-6.0.6.jar;C:\Users\prash\.m2\repository\org\hibernate\orm\hibernate-core\6.1.7.Final\hibernate-core-6.1.7.Final.jar;C:\Users\prash\.m2\repository\jakarta\persistence\jakarta.persistence-api\3.1.0\jakarta.persistence-api-3.1.0.jar;C:\Users\prash\.m2\repository\jakarta\transaction\jakarta.transaction-api\2.0.1\jakarta.transaction-api-2.0.1.jar;C:\Users\prash\.m2\repository\org\jboss\logging\jboss-logging\3.5.0.Final\jboss-logging-3.5.0.Final.jar;C:\Users\prash\.m2\repository\org\hibernate\common\hibernate-commons-annotations\6.0.6.Final\hibernate-commons-annotations-6.0.6.Final.jar;C:\Users\prash\.m2\repository\org\jboss\jandex\2.4.2.Final\jandex-2.4.2.Final.jar;C:\Users\prash\.m2\repository\com\fasterxml\classmate\1.5.1\classmate-1.5.1.jar;C:\Users\prash\.m2\repository\net\bytebuddy\byte-buddy\1.12.23\byte-buddy-1.12.23.jar;C:\Users\prash\.m2\repository\org\glassfish\jaxb\jaxb-runtime\4.0.2\jaxb-runtime-4.0.2.jar;C:\Users\prash\.m2\repository\org\glassfish\jaxb\jaxb-core\4.0.2\jaxb-core-4.0.2.jar;C:\Users\prash\.m2\repository\org\eclipse\angus\angus-activation\2.0.0\angus-activation-2.0.0.jar;C:\Users\prash\.m2\repository\org\glassfish\jaxb\txw2\4.0.2\txw2-4.0.2.jar;C:\Users\prash\.m2\repository\com\sun\istack\istack-commons-runtime\4.1.1\istack-commons-runtime-4.1.1.jar;C:\Users\prash\.m2\repository\jakarta\inject\jakarta.inject-api\2.0.0\jakarta.inject-api-2.0.0.jar;C:\Users\prash\.m2\repository\org\antlr\antlr4-runtime\4.10.1\antlr4-runtime-4.10.1.jar;C:\Users\prash\.m2\repository\org\springframework\data\spring-data-jpa\3.0.3\spring-data-jpa-3.0.3.jar;C:\Users\prash\.m2\repository\org\springframework\data\spring-data-commons\3.0.3\spring-data-commons-3.0.3.jar;C:\Users\prash\.m2\repository\org\springframework\spring-orm\6.0.6\spring-orm-6.0.6.jar;C:\Users\prash\.m2\repository\org\springframework\spring-context\6.0.6\spring-context-6.0.6.jar;C:\Users\prash\.m2\repository\org\springframework\spring-tx\6.0.6\spring-tx-6.0.6.jar;C:\Users\prash\.m2\repository\org\springframework\spring-beans\6.0.6\spring-beans-6.0.6.jar;C:\Users\prash\.m2\repository\jakarta\annotation\jakarta.annotation-api\2.1.1\jakarta.annotation-api-2.1.1.jar;C:\Users\prash\.m2\repository\org\slf4j\slf4j-api\2.0.6\slf4j-api-2.0.6.jar;C:\Users\prash\.m2\repository\org\springframework\spring-aspects\6.0.6\spring-aspects-6.0.6.jar;C:\Users\prash\.m2\repository\org\springframework\boot\spring-boot-starter-data-rest\3.0.4\spring-boot-starter-data-rest-3.0.4.jar;C:\Users\prash\.m2\repository\org\springframework\data\spring-data-rest-webmvc\4.0.3\spring-data-rest-webmvc-4.0.3.jar;C:\Users\prash\.m2\repository\org\springframework\data\spring-data-rest-core\4.0.3\spring-data-rest-core-4.0.3.jar;C:\Users\prash\.m2\repository\org\springframework\hateoas\spring-hateoas\2.0.2\spring-hateoas-2.0.2.jar;C:\Users\prash\.m2\repository\org\springframework\plugin\spring-plugin-core\3.0.0\spring-plugin-core-3.0.0.jar;C:\Users\prash\.m2\repository\org\atteo\evo-inflector\1.3\evo-inflector-1.3.jar;C:\Users\prash\.m2\repository\com\fasterxml\jackson\core\jackson-databind\2.14.2\jackson-databind-2.14.2.jar;C:\Users\prash\.m2\repository\com\fasterxml\jackson\core\jackson-core\2.14.2\jackson-core-2.14.2.jar;C:\Users\prash\.m2\repository\com\fasterxml\jackson\core\jackson-annotations\2.14.2\jackson-annotations-2.14.2.jar;C:\Users\prash\.m2\repository\org\springframework\boot\spring-boot-starter-web\3.0.4\spring-boot-starter-web-3.0.4.jar;C:\Users\prash\.m2\repository\org\springframework\boot\spring-boot-starter\3.0.4\spring-boot-starter-3.0.4.jar;C:\Users\prash\.m2\repository\org\springframework\boot\spring-boot-starter-logging\3.0.4\spring-boot-starter-logging-3.0.4.jar;C:\Users\prash\.m2\repository\ch\qos\logback\logback-classic\1.4.5\logback-classic-1.4.5.jar;C:\Users\prash\.m2\repository\ch\qos\logback\logback-core\1.4.5\logback-core-1.4.5.jar;C:\Users\prash\.m2\repository\org\apache\logging\log4j\log4j-to-slf4j\2.19.0\log4j-to-slf4j-2.19.0.jar;C:\Users\prash\.m2\repository\org\apache\logging\log4j\log4j-api\2.19.0\log4j-api-2.19.0.jar;C:\Users\prash\.m2\repository\org\slf4j\jul-to-slf4j\2.0.6\jul-to-slf4j-2.0.6.jar;C:\Users\prash\.m2\repository\org\yaml\snakeyaml\1.33\snakeyaml-1.33.jar;C:\Users\prash\.m2\repository\org\springframework\boot\spring-boot-starter-json\3.0.4\spring-boot-starter-json-3.0.4.jar;C:\Users\prash\.m2\repository\com\fasterxml\jackson\datatype\jackson-datatype-jdk8\2.14.2\jackson-datatype-jdk8-2.14.2.jar;C:\Users\prash\.m2\repository\com\fasterxml\jackson\datatype\jackson-datatype-jsr310\2.14.2\jackson-datatype-jsr310-2.14.2.jar;C:\Users\prash\.m2\repository\com\fasterxml\jackson\module\jackson-module-parameter-names\2.14.2\jackson-module-parameter-names-2.14.2.jar;C:\Users\prash\.m2\repository\org\springframework\boot\spring-boot-starter-tomcat\3.0.4\spring-boot-starter-tomcat-3.0.4.jar;C:\Users\prash\.m2\repository\org\apache\tomcat\embed\tomcat-embed-core\10.1.5\tomcat-embed-core-10.1.5.jar;C:\Users\prash\.m2\repository\org\apache\tomcat\embed\tomcat-embed-el\10.1.5\tomcat-embed-el-10.1.5.jar;C:\Users\prash\.m2\repository\org\apache\tomcat\embed\tomcat-embed-websocket\10.1.5\tomcat-embed-websocket-10.1.5.jar;C:\Users\prash\.m2\repository\org\springframework\spring-web\6.0.6\spring-web-6.0.6.jar;C:\Users\prash\.m2\repository\io\micrometer\micrometer-observation\1.10.4\micrometer-observation-1.10.4.jar;C:\Users\prash\.m2\repository\io\micrometer\micrometer-commons\1.10.4\micrometer-commons-1.10.4.jar;C:\Users\prash\.m2\repository\org\springframework\spring-webmvc\6.0.6\spring-webmvc-6.0.6.jar;C:\Users\prash\.m2\repository\org\springframework\spring-expression\6.0.6\spring-expression-6.0.6.jar;C:\Users\prash\.m2\repository\org\springframework\boot\spring-boot-devtools\3.0.4\spring-boot-devtools-3.0.4.jar;C:\Users\prash\.m2\repository\org\springframework\boot\spring-boot\3.0.4\spring-boot-3.0.4.jar;C:\Users\prash\.m2\repository\org\springframework\boot\spring-boot-autoconfigure\3.0.4\spring-boot-autoconfigure-3.0.4.jar;C:\Users\prash\.m2\repository\org\postgresql\postgresql\42.5.4\postgresql-42.5.4.jar;C:\Users\prash\.m2\repository\org\checkerframework\checker-qual\3.5.0\checker-qual-3.5.0.jar;C:\Users\prash\.m2\repository\org\projectlombok\lombok\1.18.26\lombok-1.18.26.jar;C:\Users\prash\.m2\repository\com\jayway\jsonpath\json-path\2.7.0\json-path-2.7.0.jar;C:\Users\prash\.m2\repository\net\minidev\json-smart\2.4.8\json-smart-2.4.8.jar;C:\Users\prash\.m2\repository\net\minidev\accessors-smart\2.4.8\accessors-smart-2.4.8.jar;C:\Users\prash\.m2\repository\org\ow2\asm\asm\9.1\asm-9.1.jar;C:\Users\prash\.m2\repository\jakarta\xml\bind\jakarta.xml.bind-api\4.0.0\jakarta.xml.bind-api-4.0.0.jar;C:\Users\prash\.m2\repository\jakarta\activation\jakarta.activation-api\2.1.1\jakarta.activation-api-2.1.1.jar;C:\Users\prash\.m2\repository\org\springframework\spring-core\6.0.6\spring-core-6.0.6.jar;C:\Users\prash\.m2\repository\org\springframework\spring-jcl\6.0.6\spring-jcl-6.0.6.jar;C:\Users\prash\.m2\repository\org\springframework\boot\spring-boot-starter-cache\3.0.4\spring-boot-starter-cache-3.0.4.jar;C:\Users\prash\.m2\repository\org\springframework\spring-context-support\6.0.6\spring-context-support-6.0.6.jar;C:\Users\prash\.m2\repository\org\springframework\boot\spring-boot-starter-data-redis\3.0.4\spring-boot-starter-data-redis-3.0.4.jar;C:\Users\prash\.m2\repository\org\springframework\data\spring-data-redis\3.0.3\spring-data-redis-3.0.3.jar;C:\Users\prash\.m2\repository\org\springframework\data\spring-data-keyvalue\3.0.3\spring-data-keyvalue-3.0.3.jar;C:\Users\prash\.m2\repository\org\springframework\spring-oxm\6.0.6\spring-oxm-6.0.6.jar;C:\Users\prash\.m2\repository\io\lettuce\lettuce-core\6.2.3.RELEASE\lettuce-core-6.2.3.RELEASE.jar;C:\Users\prash\.m2\repository\io\netty\netty-common\4.1.89.Final\netty-common-4.1.89.Final.jar;C:\Users\prash\.m2\repository\io\netty\netty-handler\4.1.89.Final\netty-handler-4.1.89.Final.jar;C:\Users\prash\.m2\repository\io\netty\netty-resolver\4.1.89.Final\netty-resolver-4.1.89.Final.jar;C:\Users\prash\.m2\repository\io\netty\netty-buffer\4.1.89.Final\netty-buffer-4.1.89.Final.jar;C:\Users\prash\.m2\repository\io\netty\netty-transport-native-unix-common\4.1.89.Final\netty-transport-native-unix-common-4.1.89.Final.jar;C:\Users\prash\.m2\repository\io\netty\netty-codec\4.1.89.Final\netty-codec-4.1.89.Final.jar;C:\Users\prash\.m2\repository\io\netty\netty-transport\4.1.89.Final\netty-transport-4.1.89.Final.jar;C:\Users\prash\.m2\repository\io\projectreactor\reactor-core\3.5.3\reactor-core-3.5.3.jar;C:\Users\prash\.m2\repository\org\reactivestreams\reactive-streams\1.0.4\reactive-streams-1.0.4.jar
Launcher Type: SUN_STANDARD

[Global flags]
     intx CICompilerCount                          = 4                                         {product} {ergonomic}
     uint ConcGCThreads                            = 2                                         {product} {ergonomic}
     uint G1ConcRefinementThreads                  = 8                                         {product} {ergonomic}
   size_t G1HeapRegionSize                         = 2097152                                   {product} {ergonomic}
    uintx GCDrainStackTargetSize                   = 64                                        {product} {ergonomic}
   size_t InitialHeapSize                          = 199229440                                 {product} {ergonomic}
   size_t MarkStackSize                            = 4194304                                   {product} {ergonomic}
   size_t MaxHeapSize                              = 3187671040                                {product} {ergonomic}
   size_t MaxNewSize                               = 1912602624                                {product} {ergonomic}
   size_t MinHeapDeltaBytes                        = 2097152                                   {product} {ergonomic}
   size_t MinHeapSize                              = 8388608                                   {product} {ergonomic}
    uintx NonNMethodCodeHeapSize                   = 5839372                                {pd product} {ergonomic}
    uintx NonProfiledCodeHeapSize                  = 122909434                              {pd product} {ergonomic}
    uintx ProfiledCodeHeapSize                     = 122909434                              {pd product} {ergonomic}
    uintx ReservedCodeCacheSize                    = 251658240                              {pd product} {ergonomic}
     bool SegmentedCodeCache                       = true                                      {product} {ergonomic}
     bool ShowCodeDetailsInExceptionMessages       = true                                   {manageable} {command line}
   size_t SoftMaxHeapSize                          = 3187671040                             {manageable} {ergonomic}
     bool UseCompressedClassPointers               = true                           {product lp64_product} {ergonomic}
     bool UseCompressedOops                        = true                           {product lp64_product} {ergonomic}
     bool UseG1GC                                  = true                                      {product} {ergonomic}
     bool UseLargePagesIndividualAllocation        = false                                  {pd product} {ergonomic}

Logging:
Log output configuration:
 #0: stdout all=warning uptime,level,tags foldmultilines=false
 #1: stderr all=off uptime,level,tags foldmultilines=false

Environment Variables:
PATH=C:/Users/prash/.p2/pool/plugins/org.eclipse.justj.openjdk.hotspot.jre.full.win32.x86_64_19.0.2.v20230129-1123/jre/bin/server;C:/Users/prash/.p2/pool/plugins/org.eclipse.justj.openjdk.hotspot.jre.full.win32.x86_64_19.0.2.v20230129-1123/jre/bin;C:\Program Files\Common Files\Oracle\Java\javapath;C:\Windows\system32;C:\Windows;C:\Windows\System32\Wbem;C:\Windows\System32\WindowsPowerShell\v1.0\;C:\Windows\System32\OpenSSH\;C:\Program Files\PostgreSQL\15\bin;C:\Program Files\Git\cmd;C:\Program Files\MySQL\MySQL Shell 8.0\bin\;C:\Users\prash\AppData\Local\Microsoft\WindowsApps;;C:\Users\prash\AppData\Local\Programs\Microsoft VS Code\bin;C:\Program Files\JetBrains\IntelliJ IDEA 2022.3.2\bin;;C:\Windows\system32;
USERNAME=prash
OS=Windows_NT
PROCESSOR_IDENTIFIER=Intel64 Family 6 Model 142 Stepping 10, GenuineIntel
TMP=C:\Users\prash\AppData\Local\Temp
TEMP=C:\Users\prash\AppData\Local\Temp



---------------  S Y S T E M  ---------------

OS:
 Windows 11 , 64 bit Build 22621 (10.0.22621.1344)
OS uptime: 0 days 1:12 hours
Hyper-V role detected

CPU: total 8 (initial active 8) (4 cores per cpu, 2 threads per core) family 6 model 142 stepping 10 microcode 0xea, cx8, cmov, fxsr, ht, mmx, 3dnowpref, sse, sse2, sse3, ssse3, sse4.1, sse4.2, popcnt, lzcnt, tsc, tscinvbit, avx, avx2, aes, erms, clmul, bmi1, bmi2, adx, fma, vzeroupper, clflush, clflushopt, hv, rdtscp

Memory: 4k page, system-wide physical 12154M (6418M free)
TotalPageFile size 12922M (AvailPageFile size 6892M)
current process WorkingSet (physical memory assigned to process): 264M, peak: 268M
current process commit charge ("private bytes"): 297M, peak: 302M

vm_info: OpenJDK 64-Bit Server VM (19.0.2+7) for windows-amd64 JRE (19.0.2+7), built on 2023-01-17T00:00:00Z by "temurin" with MS VC++ 16.7 (VS2019)

END.
